[DEBUG] Migration already effectively installed (skipped): \phpbb\db\migration\data\v32x\user_notifications_table_index_p2
[DEBUG] Apply dependencies of \phpbb\db\migration\data\v32x\v322.
[DEBUG] Apply dependencies of \phpbb\db\migration\data\v32x\v322rc1.
[DEBUG] Apply dependencies of \phpbb\db\migration\data\v32x\update_prosilver_bitfield.
[DEBUG] Apply dependencies of \phpbb\db\migration\data\v32x\v321.
[DEBUG] Apply dependencies of \phpbb\db\migration\data\v32x\v321rc1.
[DEBUG] Apply dependencies of \phpbb\db\migration\data\v32x\user_notifications_table_unique_index.
[DEBUG] Apply dependencies of \phpbb\db\migration\data\v32x\user_notifications_table_remove_duplicates.
[DEBUG] Apply dependencies of \phpbb\db\migration\data\v32x\user_notifications_table_temp_index.
[DEBUG] Apply dependencies of \phpbb\db\migration\data\v32x\user_notifications_table_reduce_column_sizes.
[DEBUG] Installing Schema: \phpbb\db\migration\data\v32x\user_notifications_table_reduce_column_sizes.
[INFO] Installed Schema: \phpbb\db\migration\data\v32x\user_notifications_table_reduce_column_sizes; Time: 5.84 seconds
[DEBUG] Migration already effectively installed (skipped): \phpbb\db\migration\data\v32x\user_notifications_table_index_p2
[DEBUG] Apply dependencies of \phpbb\db\migration\data\v32x\v322.
[DEBUG] Apply dependencies of \phpbb\db\migration\data\v32x\v322rc1.
[DEBUG] Apply dependencies of \phpbb\db\migration\data\v32x\update_prosilver_bitfield.
[DEBUG] Apply dependencies of \phpbb\db\migration\data\v32x\v321.
[DEBUG] Apply dependencies of \phpbb\db\migration\data\v32x\v321rc1.
[DEBUG] Apply dependencies of \phpbb\db\migration\data\v32x\user_notifications_table_unique_index.
[DEBUG] Apply dependencies of \phpbb\db\migration\data\v32x\user_notifications_table_remove_duplicates.
[DEBUG] Apply dependencies of \phpbb\db\migration\data\v32x\user_notifications_table_temp_index.
[DEBUG] Apply dependencies of \phpbb\db\migration\data\v32x\user_notifications_table_reduce_column_sizes.
[DEBUG] Installing Data: \phpbb\db\migration\data\v32x\user_notifications_table_reduce_column_sizes.
[INFO] Installed Data: \phpbb\db\migration\data\v32x\user_notifications_table_reduce_column_sizes; Time: 0.00 seconds
[DEBUG] Migration already effectively installed (skipped): \phpbb\db\migration\data\v32x\user_notifications_table_index_p2
[DEBUG] Apply dependencies of \phpbb\db\migration\data\v32x\v322.
[DEBUG] Apply dependencies of \phpbb\db\migration\data\v32x\v322rc1.
[DEBUG] Apply dependencies of \phpbb\db\migration\data\v32x\update_prosilver_bitfield.
[DEBUG] Apply dependencies of \phpbb\db\migration\data\v32x\v321.
[DEBUG] Apply dependencies of \phpbb\db\migration\data\v32x\v321rc1.
[DEBUG] Apply dependencies of \phpbb\db\migration\data\v32x\user_notifications_table_unique_index.
[DEBUG] Apply dependencies of \phpbb\db\migration\data\v32x\user_notifications_table_remove_duplicates.
[DEBUG] Apply dependencies of \phpbb\db\migration\data\v32x\user_notifications_table_temp_index.
[DEBUG] Installing Schema: \phpbb\db\migration\data\v32x\user_notifications_table_temp_index.
[INFO] Installed Schema: \phpbb\db\migration\data\v32x\user_notifications_table_temp_index; Time: 0.63 seconds
[DEBUG] Migration already effectively installed (skipped): \phpbb\db\migration\data\v32x\user_notifications_table_index_p2
[DEBUG] Apply dependencies of \phpbb\db\migration\data\v32x\v322.
[DEBUG] Apply dependencies of \phpbb\db\migration\data\v32x\v322rc1.
[DEBUG] Apply dependencies of \phpbb\db\migration\data\v32x\update_prosilver_bitfield.
[DEBUG] Apply dependencies of \phpbb\db\migration\data\v32x\v321.
[DEBUG] Apply dependencies of \phpbb\db\migration\data\v32x\v321rc1.
[DEBUG] Apply dependencies of \phpbb\db\migration\data\v32x\user_notifications_table_unique_index.
[DEBUG] Apply dependencies of \phpbb\db\migration\data\v32x\user_notifications_table_remove_duplicates.
[DEBUG] Apply dependencies of \phpbb\db\migration\data\v32x\user_notifications_table_temp_index.
[DEBUG] Installing Data: \phpbb\db\migration\data\v32x\user_notifications_table_temp_index.
[INFO] Installed Data: \phpbb\db\migration\data\v32x\user_notifications_table_temp_index; Time: 0.00 seconds
[DEBUG] Migration already effectively installed (skipped): \phpbb\db\migration\data\v32x\user_notifications_table_index_p2
[DEBUG] Apply dependencies of \phpbb\db\migration\data\v32x\v322.
[DEBUG] Apply dependencies of \phpbb\db\migration\data\v32x\v322rc1.
[DEBUG] Apply dependencies of \phpbb\db\migration\data\v32x\update_prosilver_bitfield.
[DEBUG] Apply dependencies of \phpbb\db\migration\data\v32x\v321.
[DEBUG] Apply dependencies of \phpbb\db\migration\data\v32x\v321rc1.
[DEBUG] Apply dependencies of \phpbb\db\migration\data\v32x\user_notifications_table_unique_index.
[DEBUG] Apply dependencies of \phpbb\db\migration\data\v32x\user_notifications_table_remove_duplicates.
[DEBUG] Installing Schema: \phpbb\db\migration\data\v32x\user_notifications_table_remove_duplicates.
[INFO] Installed Schema: \phpbb\db\migration\data\v32x\user_notifications_table_remove_duplicates; Time: 0.00 seconds
[DEBUG] Migration already effectively installed (skipped): \phpbb\db\migration\data\v32x\user_notifications_table_index_p2
[DEBUG] Apply dependencies of \phpbb\db\migration\data\v32x\v322.
[DEBUG] Apply dependencies of \phpbb\db\migration\data\v32x\v322rc1.
[DEBUG] Apply dependencies of \phpbb\db\migration\data\v32x\update_prosilver_bitfield.
[DEBUG] Apply dependencies of \phpbb\db\migration\data\v32x\v321.
[DEBUG] Apply dependencies of \phpbb\db\migration\data\v32x\v321rc1.
[DEBUG] Apply dependencies of \phpbb\db\migration\data\v32x\user_notifications_table_unique_index.
[DEBUG] Apply dependencies of \phpbb\db\migration\data\v32x\user_notifications_table_remove_duplicates.
[DEBUG] Installing Data: \phpbb\db\migration\data\v32x\user_notifications_table_remove_duplicates.
[INFO] Installed Data: \phpbb\db\migration\data\v32x\user_notifications_table_remove_duplicates; Time: 0.27 seconds
[DEBUG] Migration already effectively installed (skipped): \phpbb\db\migration\data\v32x\user_notifications_table_index_p2
[DEBUG] Apply dependencies of \phpbb\db\migration\data\v32x\v322.
[DEBUG] Apply dependencies of \phpbb\db\migration\data\v32x\v322rc1.
[DEBUG] Apply dependencies of \phpbb\db\migration\data\v32x\update_prosilver_bitfield.
[DEBUG] Apply dependencies of \phpbb\db\migration\data\v32x\v321.
[DEBUG] Apply dependencies of \phpbb\db\migration\data\v32x\v321rc1.
[DEBUG] Apply dependencies of \phpbb\db\migration\data\v32x\user_notifications_table_unique_index.
[DEBUG] Installing Schema: \phpbb\db\migration\data\v32x\user_notifications_table_unique_index.
[DEBUG] Installing Schema: \phpbb\db\migration\data\v32x\user_notifications_table_unique_index; Time: 0.01 seconds
[DEBUG] Migration already effectively installed (skipped): \phpbb\db\migration\data\v32x\user_notifications_table_index_p2
[DEBUG] Apply dependencies of \phpbb\db\migration\data\v32x\v322.
[DEBUG] Apply dependencies of \phpbb\db\migration\data\v32x\v322rc1.
[DEBUG] Apply dependencies of \phpbb\db\migration\data\v32x\update_prosilver_bitfield.
[DEBUG] Apply dependencies of \phpbb\db\migration\data\v32x\v321.
[DEBUG] Apply dependencies of \phpbb\db\migration\data\v32x\v321rc1.
[DEBUG] Apply dependencies of \phpbb\db\migration\data\v32x\user_notifications_table_unique_index.
[DEBUG] Installing Schema: \phpbb\db\migration\data\v32x\user_notifications_table_unique_index.
[INFO] Installed Schema: \phpbb\db\migration\data\v32x\user_notifications_table_unique_index; Time: 2.25 seconds
[DEBUG] Migration already effectively installed (skipped): \phpbb\db\migration\data\v32x\user_notifications_table_index_p2
[DEBUG] Apply dependencies of \phpbb\db\migration\data\v32x\v322.
[DEBUG] Apply dependencies of \phpbb\db\migration\data\v32x\v322rc1.
[DEBUG] Apply dependencies of \phpbb\db\migration\data\v32x\update_prosilver_bitfield.
[DEBUG] Apply dependencies of \phpbb\db\migration\data\v32x\v321.
[DEBUG] Apply dependencies of \phpbb\db\migration\data\v32x\v321rc1.
[DEBUG] Apply dependencies of \phpbb\db\migration\data\v32x\user_notifications_table_unique_index.
[DEBUG] Installing Data: \phpbb\db\migration\data\v32x\user_notifications_table_unique_index.
[INFO] Installed Data: \phpbb\db\migration\data\v32x\user_notifications_table_unique_index; Time: 0.00 seconds
[DEBUG] Migration already effectively installed (skipped): \phpbb\db\migration\data\v32x\user_notifications_table_index_p2
[DEBUG] Apply dependencies of \phpbb\db\migration\data\v32x\v322.
[DEBUG] Apply dependencies of \phpbb\db\migration\data\v32x\v322rc1.
[DEBUG] Apply dependencies of \phpbb\db\migration\data\v32x\update_prosilver_bitfield.
[DEBUG] Apply dependencies of \phpbb\db\migration\data\v32x\v321.
[DEBUG] Apply dependencies of \phpbb\db\migration\data\v32x\v321rc1.
[DEBUG] Installing Schema: \phpbb\db\migration\data\v32x\v321rc1.
[INFO] Installed Schema: \phpbb\db\migration\data\v32x\v321rc1; Time: 0.00 seconds
[DEBUG] Migration already effectively installed (skipped): \phpbb\db\migration\data\v32x\user_notifications_table_index_p2
[DEBUG] Apply dependencies of \phpbb\db\migration\data\v32x\v322.
[DEBUG] Apply dependencies of \phpbb\db\migration\data\v32x\v322rc1.
[DEBUG] Apply dependencies of \phpbb\db\migration\data\v32x\update_prosilver_bitfield.
[DEBUG] Apply dependencies of \phpbb\db\migration\data\v32x\v321.
[DEBUG] Apply dependencies of \phpbb\db\migration\data\v32x\v321rc1.
[DEBUG] Installing Data: \phpbb\db\migration\data\v32x\v321rc1.
[INFO] Installed Data: \phpbb\db\migration\data\v32x\v321rc1; Time: 0.00 seconds
[DEBUG] Migration already effectively installed (skipped): \phpbb\db\migration\data\v32x\user_notifications_table_index_p2
[DEBUG] Apply dependencies of \phpbb\db\migration\data\v32x\v322.
[DEBUG] Apply dependencies of \phpbb\db\migration\data\v32x\v322rc1.
[DEBUG] Apply dependencies of \phpbb\db\migration\data\v32x\update_prosilver_bitfield.
[DEBUG] Apply dependencies of \phpbb\db\migration\data\v32x\v321.
[DEBUG] Installing Schema: \phpbb\db\migration\data\v32x\v321.
[INFO] Installed Schema: \phpbb\db\migration\data\v32x\v321; Time: 0.00 seconds
[DEBUG] Migration already effectively installed (skipped): \phpbb\db\migration\data\v32x\user_notifications_table_index_p2
[DEBUG] Apply dependencies of \phpbb\db\migration\data\v32x\v322.
[DEBUG] Apply dependencies of \phpbb\db\migration\data\v32x\v322rc1.
[DEBUG] Apply dependencies of \phpbb\db\migration\data\v32x\update_prosilver_bitfield.
[DEBUG] Apply dependencies of \phpbb\db\migration\data\v32x\v321.
[DEBUG] Installing Data: \phpbb\db\migration\data\v32x\v321.
[INFO] Installed Data: \phpbb\db\migration\data\v32x\v321; Time: 0.00 seconds
[DEBUG] Migration already effectively installed (skipped): \phpbb\db\migration\data\v32x\user_notifications_table_index_p2
[DEBUG] Apply dependencies of \phpbb\db\migration\data\v32x\v322.
[DEBUG] Apply dependencies of \phpbb\db\migration\data\v32x\v322rc1.
[DEBUG] Apply dependencies of \phpbb\db\migration\data\v32x\update_prosilver_bitfield.
[DEBUG] Installing Schema: \phpbb\db\migration\data\v32x\update_prosilver_bitfield.
[INFO] Installed Schema: \phpbb\db\migration\data\v32x\update_prosilver_bitfield; Time: 0.00 seconds
[DEBUG] Migration already effectively installed (skipped): \phpbb\db\migration\data\v32x\user_notifications_table_index_p2
[DEBUG] Apply dependencies of \phpbb\db\migration\data\v32x\v322.
[DEBUG] Apply dependencies of \phpbb\db\migration\data\v32x\v322rc1.
[DEBUG] Apply dependencies of \phpbb\db\migration\data\v32x\update_prosilver_bitfield.
[DEBUG] Installing Data: \phpbb\db\migration\data\v32x\update_prosilver_bitfield.
[INFO] Installed Data: \phpbb\db\migration\data\v32x\update_prosilver_bitfield; Time: 0.00 seconds
[DEBUG] Migration already effectively installed (skipped): \phpbb\db\migration\data\v32x\user_notifications_table_index_p2
[DEBUG] Apply dependencies of \phpbb\db\migration\data\v32x\v322.
[DEBUG] Apply dependencies of \phpbb\db\migration\data\v32x\v322rc1.
[DEBUG] Apply dependencies of \phpbb\db\migration\data\v32x\email_force_sender.
[DEBUG] Installing Schema: \phpbb\db\migration\data\v32x\email_force_sender.
[INFO] Installed Schema: \phpbb\db\migration\data\v32x\email_force_sender; Time: 0.00 seconds
[DEBUG] Migration already effectively installed (skipped): \phpbb\db\migration\data\v32x\user_notifications_table_index_p2
[DEBUG] Apply dependencies of \phpbb\db\migration\data\v32x\v322.
[DEBUG] Apply dependencies of \phpbb\db\migration\data\v32x\v322rc1.
[DEBUG] Apply dependencies of \phpbb\db\migration\data\v32x\email_force_sender.
[DEBUG] Installing Data: \phpbb\db\migration\data\v32x\email_force_sender.
[DEBUG] Installing Data: \phpbb\db\migration\data\v32x\email_force_sender; Time: 0.00 seconds
[DEBUG] Migration already effectively installed (skipped): \phpbb\db\migration\data\v32x\user_notifications_table_index_p2
[DEBUG] Apply dependencies of \phpbb\db\migration\data\v32x\v322.
[DEBUG] Apply dependencies of \phpbb\db\migration\data\v32x\v322rc1.
[DEBUG] Apply dependencies of \phpbb\db\migration\data\v32x\email_force_sender.
[DEBUG] Installing Data: \phpbb\db\migration\data\v32x\email_force_sender.
[INFO] Installed Data: \phpbb\db\migration\data\v32x\email_force_sender; Time: 0.00 seconds
[DEBUG] Migration already effectively installed (skipped): \phpbb\db\migration\data\v32x\user_notifications_table_index_p2
[DEBUG] Apply dependencies of \phpbb\db\migration\data\v32x\v322.
[DEBUG] Apply dependencies of \phpbb\db\migration\data\v32x\v322rc1.
[DEBUG] Apply dependencies of \phpbb\db\migration\data\v32x\f_list_topics_permission_add.
[DEBUG] Installing Schema: \phpbb\db\migration\data\v32x\f_list_topics_permission_add.
[INFO] Installed Schema: \phpbb\db\migration\data\v32x\f_list_topics_permission_add; Time: 0.00 seconds
[DEBUG] Migration already effectively installed (skipped): \phpbb\db\migration\data\v32x\user_notifications_table_index_p2
[DEBUG] Apply dependencies of \phpbb\db\migration\data\v32x\v322.
[DEBUG] Apply dependencies of \phpbb\db\migration\data\v32x\v322rc1.
[DEBUG] Apply dependencies of \phpbb\db\migration\data\v32x\f_list_topics_permission_add.
[DEBUG] Installing Data: \phpbb\db\migration\data\v32x\f_list_topics_permission_add.
[INFO] Installed Data: \phpbb\db\migration\data\v32x\f_list_topics_permission_add; Time: 0.66 seconds
[DEBUG] Migration already effectively installed (skipped): \phpbb\db\migration\data\v32x\user_notifications_table_index_p2
[DEBUG] Apply dependencies of \phpbb\db\migration\data\v32x\v322.
[DEBUG] Apply dependencies of \phpbb\db\migration\data\v32x\v322rc1.
[DEBUG] Installing Schema: \phpbb\db\migration\data\v32x\merge_duplicate_bbcodes.
[INFO] Installed Schema: \phpbb\db\migration\data\v32x\merge_duplicate_bbcodes; Time: 0.00 seconds
[DEBUG] Migration already effectively installed (skipped): \phpbb\db\migration\data\v32x\user_notifications_table_index_p2
[DEBUG] Apply dependencies of \phpbb\db\migration\data\v32x\v322.
[DEBUG] Apply dependencies of \phpbb\db\migration\data\v32x\v322rc1.
[DEBUG] Installing Data: \phpbb\db\migration\data\v32x\merge_duplicate_bbcodes.
[INFO] Installed Data: \phpbb\db\migration\data\v32x\merge_duplicate_bbcodes; Time: 0.00 seconds
[DEBUG] Migration already effectively installed (skipped): \phpbb\db\migration\data\v32x\user_notifications_table_index_p2
[DEBUG] Apply dependencies of \phpbb\db\migration\data\v32x\v322.
[DEBUG] Apply dependencies of \phpbb\db\migration\data\v32x\v322rc1.
[DEBUG] Installing Schema: \phpbb\db\migration\data\v32x\v322rc1.
[INFO] Installed Schema: \phpbb\db\migration\data\v32x\v322rc1; Time: 0.00 seconds
[DEBUG] Migration already effectively installed (skipped): \phpbb\db\migration\data\v32x\user_notifications_table_index_p2
[DEBUG] Apply dependencies of \phpbb\db\migration\data\v32x\v322.
[DEBUG] Apply dependencies of \phpbb\db\migration\data\v32x\v322rc1.
[DEBUG] Installing Data: \phpbb\db\migration\data\v32x\v322rc1.
[INFO] Installed Data: \phpbb\db\migration\data\v32x\v322rc1; Time: 0.00 seconds
[DEBUG] Migration already effectively installed (skipped): \phpbb\db\migration\data\v32x\user_notifications_table_index_p2
[DEBUG] Apply dependencies of \phpbb\db\migration\data\v32x\v322.
[DEBUG] Installing Schema: \phpbb\db\migration\data\v32x\v322.
[INFO] Installed Schema: \phpbb\db\migration\data\v32x\v322; Time: 0.00 seconds
[DEBUG] Migration already effectively installed (skipped): \phpbb\db\migration\data\v32x\user_notifications_table_index_p2
[DEBUG] Apply dependencies of \phpbb\db\migration\data\v32x\v322.
[DEBUG] Installing Data: \phpbb\db\migration\data\v32x\v322.
[INFO] Installed Data: \phpbb\db\migration\data\v32x\v322; Time: 0.00 seconds
[DEBUG] Migration already effectively installed (skipped): \phpbb\db\migration\data\v32x\user_notifications_table_index_p2
[DEBUG] Migration already effectively installed (skipped): \phpbb\db\migration\data\v32x\v322
[DEBUG] Migration already effectively installed (skipped): \phpbb\db\migration\data\v32x\user_notifications_table_temp_index
[DEBUG] Migration already effectively installed (skipped): \phpbb\db\migration\data\v32x\user_notifications_table_unique_index
[DEBUG] Migration already effectively installed (skipped): \phpbb\db\migration\data\v32x\email_force_sender
[DEBUG] Apply dependencies of \phpbb\db\migration\data\v32x\v323rc2.
[DEBUG] Apply dependencies of \phpbb\db\migration\data\v32x\v323rc1.
[DEBUG] Apply dependencies of \phpbb\db\migration\data\v32x\enable_accurate_pm_button.
[DEBUG] Installing Schema: \phpbb\db\migration\data\v32x\enable_accurate_pm_button.
[INFO] Installed Schema: \phpbb\db\migration\data\v32x\enable_accurate_pm_button; Time: 0.00 seconds
[DEBUG] Migration already effectively installed (skipped): \phpbb\db\migration\data\v32x\user_notifications_table_index_p2
[DEBUG] Migration already effectively installed (skipped): \phpbb\db\migration\data\v32x\v322
[DEBUG] Migration already effectively installed (skipped): \phpbb\db\migration\data\v32x\user_notifications_table_temp_index
[DEBUG] Migration already effectively installed (skipped): \phpbb\db\migration\data\v32x\user_notifications_table_unique_index
[DEBUG] Migration already effectively installed (skipped): \phpbb\db\migration\data\v32x\email_force_sender
[DEBUG] Apply dependencies of \phpbb\db\migration\data\v32x\v323rc2.
[DEBUG] Apply dependencies of \phpbb\db\migration\data\v32x\v323rc1.
[DEBUG] Apply dependencies of \phpbb\db\migration\data\v32x\enable_accurate_pm_button.
[DEBUG] Installing Data: \phpbb\db\migration\data\v32x\enable_accurate_pm_button.
[INFO] Installed Data: \phpbb\db\migration\data\v32x\enable_accurate_pm_button; Time: 0.00 seconds
[DEBUG] Migration already effectively installed (skipped): \phpbb\db\migration\data\v32x\user_notifications_table_index_p2
[DEBUG] Migration already effectively installed (skipped): \phpbb\db\migration\data\v32x\v322
[DEBUG] Migration already effectively installed (skipped): \phpbb\db\migration\data\v32x\user_notifications_table_temp_index
[DEBUG] Migration already effectively installed (skipped): \phpbb\db\migration\data\v32x\user_notifications_table_unique_index
[DEBUG] Migration already effectively installed (skipped): \phpbb\db\migration\data\v32x\email_force_sender
[DEBUG] Apply dependencies of \phpbb\db\migration\data\v32x\v323rc2.
[DEBUG] Apply dependencies of \phpbb\db\migration\data\v32x\v323rc1.
[DEBUG] Installing Schema: \phpbb\db\migration\data\v32x\v323rc1.
[INFO] Installed Schema: \phpbb\db\migration\data\v32x\v323rc1; Time: 0.00 seconds
[DEBUG] Migration already effectively installed (skipped): \phpbb\db\migration\data\v32x\user_notifications_table_index_p2
[DEBUG] Migration already effectively installed (skipped): \phpbb\db\migration\data\v32x\v322
[DEBUG] Migration already effectively installed (skipped): \phpbb\db\migration\data\v32x\user_notifications_table_temp_index
[DEBUG] Migration already effectively installed (skipped): \phpbb\db\migration\data\v32x\user_notifications_table_unique_index
[DEBUG] Migration already effectively installed (skipped): \phpbb\db\migration\data\v32x\email_force_sender
[DEBUG] Apply dependencies of \phpbb\db\migration\data\v32x\v323rc2.
[DEBUG] Apply dependencies of \phpbb\db\migration\data\v32x\v323rc1.
[DEBUG] Installing Data: \phpbb\db\migration\data\v32x\v323rc1.
[INFO] Installed Data: \phpbb\db\migration\data\v32x\v323rc1; Time: 0.00 seconds
[DEBUG] Migration already effectively installed (skipped): \phpbb\db\migration\data\v32x\user_notifications_table_index_p2
[DEBUG] Migration already effectively installed (skipped): \phpbb\db\migration\data\v32x\v322
[DEBUG] Migration already effectively installed (skipped): \phpbb\db\migration\data\v32x\user_notifications_table_temp_index
[DEBUG] Migration already effectively installed (skipped): \phpbb\db\migration\data\v32x\user_notifications_table_unique_index
[DEBUG] Migration already effectively installed (skipped): \phpbb\db\migration\data\v32x\email_force_sender
[DEBUG] Apply dependencies of \phpbb\db\migration\data\v32x\v323rc2.
[DEBUG] Installing Schema: \phpbb\db\migration\data\v32x\v323rc2.
[INFO] Installed Schema: \phpbb\db\migration\data\v32x\v323rc2; Time: 0.00 seconds
[DEBUG] Migration already effectively installed (skipped): \phpbb\db\migration\data\v32x\user_notifications_table_index_p2
[DEBUG] Migration already effectively installed (skipped): \phpbb\db\migration\data\v32x\v322
[DEBUG] Migration already effectively installed (skipped): \phpbb\db\migration\data\v32x\user_notifications_table_temp_index
[DEBUG] Migration already effectively installed (skipped): \phpbb\db\migration\data\v32x\user_notifications_table_unique_index
[DEBUG] Migration already effectively installed (skipped): \phpbb\db\migration\data\v32x\email_force_sender
[DEBUG] Apply dependencies of \phpbb\db\migration\data\v32x\v323rc2.
[DEBUG] Installing Data: \phpbb\db\migration\data\v32x\v323rc2.
[INFO] Installed Data: \phpbb\db\migration\data\v32x\v323rc2; Time: 0.00 seconds
[DEBUG] Migration already effectively installed (skipped): \phpbb\db\migration\data\v32x\user_notifications_table_index_p2
[DEBUG] Migration already effectively installed (skipped): \phpbb\db\migration\data\v32x\v322
[DEBUG] Migration already effectively installed (skipped): \phpbb\db\migration\data\v32x\user_notifications_table_temp_index
[DEBUG] Migration already effectively installed (skipped): \phpbb\db\migration\data\v32x\user_notifications_table_unique_index
[DEBUG] Migration already effectively installed (skipped): \phpbb\db\migration\data\v32x\email_force_sender
[DEBUG] Migration already effectively installed (skipped): \phpbb\db\migration\data\v32x\v323rc2
[DEBUG] Migration already effectively installed (skipped): \phpbb\db\migration\data\v32x\v321
[DEBUG] Migration already effectively installed (skipped): \phpbb\db\migration\data\v32x\v323rc1
[DEBUG] Migration already effectively installed (skipped): \phpbb\db\migration\data\v32x\load_user_activity_limit
[DEBUG] Migration already effectively installed (skipped): \phpbb\db\migration\data\v32x\user_notifications_table_index_p3
[DEBUG] Migration already effectively installed (skipped): \phpbb\db\migration\data\v32x\update_prosilver_bitfield
[DEBUG] Migration already effectively installed (skipped): \phpbb\db\migration\data\v32x\user_notifications_table_reduce_column_sizes
[DEBUG] Migration already effectively installed (skipped): \phpbb\db\migration\data\v32x\user_notifications_table_index_p1
[DEBUG] Migration already effectively installed (skipped): \phpbb\db\migration\data\v32x\f_list_topics_permission_add
[DEBUG] Migration already effectively installed (skipped): \phpbb\db\migration\data\v32x\v321rc1
[DEBUG] Migration already effectively installed (skipped): \phpbb\db\migration\data\v32x\cookie_notice_p2
[DEBUG] Migration already effectively installed (skipped): \phpbb\db\migration\data\v32x\fix_user_styles
[DEBUG] Migration already effectively installed (skipped): \phpbb\db\migration\data\v32x\v322rc1
[DEBUG] Migration already effectively installed (skipped): \phpbb\db\migration\data\v32x\merge_duplicate_bbcodes
[DEBUG] Migration already effectively installed (skipped): \phpbb\db\migration\data\v32x\user_notifications_table_remove_duplicates
[DEBUG] Apply dependencies of \phpbb\db\migration\data\v32x\v323.
[DEBUG] Installing Schema: \phpbb\db\migration\data\v32x\v323.
[INFO] Installed Schema: \phpbb\db\migration\data\v32x\v323; Time: 0.00 seconds
[DEBUG] Migration already effectively installed (skipped): \phpbb\db\migration\data\v32x\user_notifications_table_index_p2
[DEBUG] Migration already effectively installed (skipped): \phpbb\db\migration\data\v32x\v322
[DEBUG] Migration already effectively installed (skipped): \phpbb\db\migration\data\v32x\user_notifications_table_temp_index
[DEBUG] Migration already effectively installed (skipped): \phpbb\db\migration\data\v32x\user_notifications_table_unique_index
[DEBUG] Migration already effectively installed (skipped): \phpbb\db\migration\data\v32x\email_force_sender
[DEBUG] Migration already effectively installed (skipped): \phpbb\db\migration\data\v32x\v323rc2
[DEBUG] Migration already effectively installed (skipped): \phpbb\db\migration\data\v32x\v321
[DEBUG] Migration already effectively installed (skipped): \phpbb\db\migration\data\v32x\v323rc1
[DEBUG] Migration already effectively installed (skipped): \phpbb\db\migration\data\v32x\load_user_activity_limit
[DEBUG] Migration already effectively installed (skipped): \phpbb\db\migration\data\v32x\user_notifications_table_index_p3
[DEBUG] Migration already effectively installed (skipped): \phpbb\db\migration\data\v32x\update_prosilver_bitfield
[DEBUG] Migration already effectively installed (skipped): \phpbb\db\migration\data\v32x\user_notifications_table_reduce_column_sizes
[DEBUG] Migration already effectively installed (skipped): \phpbb\db\migration\data\v32x\user_notifications_table_index_p1
[DEBUG] Migration already effectively installed (skipped): \phpbb\db\migration\data\v32x\f_list_topics_permission_add
[DEBUG] Migration already effectively installed (skipped): \phpbb\db\migration\data\v32x\v321rc1
[DEBUG] Migration already effectively installed (skipped): \phpbb\db\migration\data\v32x\cookie_notice_p2
[DEBUG] Migration already effectively installed (skipped): \phpbb\db\migration\data\v32x\fix_user_styles
[DEBUG] Migration already effectively installed (skipped): \phpbb\db\migration\data\v32x\v322rc1
[DEBUG] Migration already effectively installed (skipped): \phpbb\db\migration\data\v32x\merge_duplicate_bbcodes
[DEBUG] Migration already effectively installed (skipped): \phpbb\db\migration\data\v32x\user_notifications_table_remove_duplicates
[DEBUG] Apply dependencies of \phpbb\db\migration\data\v32x\v323.
[DEBUG] Installing Data: \phpbb\db\migration\data\v32x\v323.
[INFO] Installed Data: \phpbb\db\migration\data\v32x\v323; Time: 0.00 seconds
[DEBUG] Apply dependencies of \phpbb\viglink\migrations\viglink_cron.
[DEBUG] Apply dependencies of \phpbb\viglink\migrations\viglink_data.
[DEBUG] Installing Schema: \phpbb\viglink\migrations\viglink_data.
[INFO] Installed Schema: \phpbb\viglink\migrations\viglink_data; Time: 0.00 seconds
[DEBUG] Apply dependencies of \phpbb\viglink\migrations\viglink_cron.
[DEBUG] Apply dependencies of \phpbb\viglink\migrations\viglink_data.
[DEBUG] Installing Data: \phpbb\viglink\migrations\viglink_data.
[DEBUG] Installing Data: \phpbb\viglink\migrations\viglink_data; Time: 0.00 seconds
[DEBUG] Apply dependencies of \phpbb\viglink\migrations\viglink_cron.
[DEBUG] Apply dependencies of \phpbb\viglink\migrations\viglink_data.
[DEBUG] Installing Data: \phpbb\viglink\migrations\viglink_data.
[DEBUG] Installing Data: \phpbb\viglink\migrations\viglink_data; Time: 0.00 seconds
[DEBUG] Apply dependencies of \phpbb\viglink\migrations\viglink_cron.
[DEBUG] Apply dependencies of \phpbb\viglink\migrations\viglink_data.
[DEBUG] Installing Data: \phpbb\viglink\migrations\viglink_data.
[DEBUG] Installing Data: \phpbb\viglink\migrations\viglink_data; Time: 0.00 seconds
[DEBUG] Apply dependencies of \phpbb\viglink\migrations\viglink_cron.
[DEBUG] Apply dependencies of \phpbb\viglink\migrations\viglink_data.
[DEBUG] Installing Data: \phpbb\viglink\migrations\viglink_data.
[DEBUG] Installing Data: \phpbb\viglink\migrations\viglink_data; Time: 0.00 seconds
[DEBUG] Apply dependencies of \phpbb\viglink\migrations\viglink_cron.
[DEBUG] Apply dependencies of \phpbb\viglink\migrations\viglink_data.
[DEBUG] Installing Data: \phpbb\viglink\migrations\viglink_data.
[DEBUG] Installing Data: \phpbb\viglink\migrations\viglink_data; Time: 0.00 seconds
[DEBUG] Apply dependencies of \phpbb\viglink\migrations\viglink_cron.
[DEBUG] Apply dependencies of \phpbb\viglink\migrations\viglink_data.
[DEBUG] Installing Data: \phpbb\viglink\migrations\viglink_data.
[DEBUG] Installing Data: \phpbb\viglink\migrations\viglink_data; Time: 0.00 seconds
[DEBUG] Apply dependencies of \phpbb\viglink\migrations\viglink_cron.
[DEBUG] Apply dependencies of \phpbb\viglink\migrations\viglink_data.
[DEBUG] Installing Data: \phpbb\viglink\migrations\viglink_data.
[DEBUG] Installing Data: \phpbb\viglink\migrations\viglink_data; Time: 0.00 seconds
[DEBUG] Apply dependencies of \phpbb\viglink\migrations\viglink_cron.
[DEBUG] Apply dependencies of \phpbb\viglink\migrations\viglink_data.
[DEBUG] Installing Data: \phpbb\viglink\migrations\viglink_data.
[INFO] Installed Data: \phpbb\viglink\migrations\viglink_data; Time: 0.07 seconds
[DEBUG] Apply dependencies of \phpbb\viglink\migrations\viglink_cron.
[DEBUG] Migration already effectively installed (skipped): \phpbb\viglink\migrations\viglink_cron
[DEBUG] Migration already effectively installed (skipped): \phpbb\viglink\migrations\viglink_cron
[DEBUG] Apply dependencies of \phpbb\viglink\migrations\viglink_ask_admin_wait.
[DEBUG] Apply dependencies of \phpbb\viglink\migrations\viglink_ask_admin.
[DEBUG] Apply dependencies of \phpbb\viglink\migrations\viglink_data_v2.
[DEBUG] Installing Schema: \phpbb\viglink\migrations\viglink_data_v2.
[INFO] Installed Schema: \phpbb\viglink\migrations\viglink_data_v2; Time: 0.00 seconds
[DEBUG] Migration already effectively installed (skipped): \phpbb\viglink\migrations\viglink_cron
[DEBUG] Apply dependencies of \phpbb\viglink\migrations\viglink_ask_admin_wait.
[DEBUG] Apply dependencies of \phpbb\viglink\migrations\viglink_ask_admin.
[DEBUG] Apply dependencies of \phpbb\viglink\migrations\viglink_data_v2.
[DEBUG] Installing Data: \phpbb\viglink\migrations\viglink_data_v2.
[DEBUG] Installing Data: \phpbb\viglink\migrations\viglink_data_v2; Time: 0.00 seconds
[DEBUG] Migration already effectively installed (skipped): \phpbb\viglink\migrations\viglink_cron
[DEBUG] Apply dependencies of \phpbb\viglink\migrations\viglink_ask_admin_wait.
[DEBUG] Apply dependencies of \phpbb\viglink\migrations\viglink_ask_admin.
[DEBUG] Apply dependencies of \phpbb\viglink\migrations\viglink_data_v2.
[DEBUG] Installing Data: \phpbb\viglink\migrations\viglink_data_v2.
[INFO] Installed Data: \phpbb\viglink\migrations\viglink_data_v2; Time: 0.00 seconds
[DEBUG] Migration already effectively installed (skipped): \phpbb\viglink\migrations\viglink_cron
[DEBUG] Apply dependencies of \phpbb\viglink\migrations\viglink_ask_admin_wait.
[DEBUG] Apply dependencies of \phpbb\viglink\migrations\viglink_ask_admin.
[DEBUG] Installing Schema: \phpbb\viglink\migrations\viglink_ask_admin.
[INFO] Installed Schema: \phpbb\viglink\migrations\viglink_ask_admin; Time: 0.00 seconds
[DEBUG] Migration already effectively installed (skipped): \phpbb\viglink\migrations\viglink_cron
[DEBUG] Apply dependencies of \phpbb\viglink\migrations\viglink_ask_admin_wait.
[DEBUG] Apply dependencies of \phpbb\viglink\migrations\viglink_ask_admin.
[DEBUG] Installing Data: \phpbb\viglink\migrations\viglink_ask_admin.
[INFO] Installed Data: \phpbb\viglink\migrations\viglink_ask_admin; Time: 0.00 seconds
[DEBUG] Migration already effectively installed (skipped): \phpbb\viglink\migrations\viglink_cron
[DEBUG] Apply dependencies of \phpbb\viglink\migrations\viglink_ask_admin_wait.
[DEBUG] Installing Schema: \phpbb\viglink\migrations\viglink_ask_admin_wait.
[INFO] Installed Schema: \phpbb\viglink\migrations\viglink_ask_admin_wait; Time: 0.00 seconds
[DEBUG] Migration already effectively installed (skipped): \phpbb\viglink\migrations\viglink_cron
[DEBUG] Apply dependencies of \phpbb\viglink\migrations\viglink_ask_admin_wait.
[DEBUG] Installing Data: \phpbb\viglink\migrations\viglink_ask_admin_wait.
[INFO] Installed Data: \phpbb\viglink\migrations\viglink_ask_admin_wait; Time: 0.00 seconds
