[DEBUG] Apply dependencies of \phpbb\db\migration\data\v32x\user_notifications_table_index_p2.
[DEBUG] Apply dependencies of \phpbb\db\migration\data\v32x\user_notifications_table_index_p1.
[DEBUG] Apply dependencies of \phpbb\db\migration\data\v32x\cookie_notice_p2.
[DEBUG] Apply dependencies of \phpbb\db\migration\data\v320\v320.
[DEBUG] Apply dependencies of \phpbb\db\migration\data\v320\cookie_notice.
[DEBUG] Apply dependencies of \phpbb\db\migration\data\v320\v320rc2.
[DEBUG] Apply dependencies of \phpbb\db\migration\data\v320\add_help_phpbb.
[DEBUG] Apply dependencies of \phpbb\db\migration\data\v320\v320rc1.
[DEBUG] Apply dependencies of \phpbb\db\migration\data\v320\report_id_auto_increment.
[DEBUG] Apply dependencies of \phpbb\db\migration\data\v320\default_data_type_ids.
[DEBUG] Installing Schema: \phpbb\db\migration\data\v320\default_data_type_ids.
[DEBUG] Installing Schema: \phpbb\db\migration\data\v320\default_data_type_ids; Time: 2.46 seconds
[DEBUG] Apply dependencies of \phpbb\db\migration\data\v32x\user_notifications_table_index_p2.
[DEBUG] Apply dependencies of \phpbb\db\migration\data\v32x\user_notifications_table_index_p1.
[DEBUG] Apply dependencies of \phpbb\db\migration\data\v32x\cookie_notice_p2.
[DEBUG] Apply dependencies of \phpbb\db\migration\data\v320\v320.
[DEBUG] Apply dependencies of \phpbb\db\migration\data\v320\cookie_notice.
[DEBUG] Apply dependencies of \phpbb\db\migration\data\v320\v320rc2.
[DEBUG] Apply dependencies of \phpbb\db\migration\data\v320\add_help_phpbb.
[DEBUG] Apply dependencies of \phpbb\db\migration\data\v320\v320rc1.
[DEBUG] Apply dependencies of \phpbb\db\migration\data\v320\report_id_auto_increment.
[DEBUG] Apply dependencies of \phpbb\db\migration\data\v320\default_data_type_ids.
[DEBUG] Installing Schema: \phpbb\db\migration\data\v320\default_data_type_ids.
[DEBUG] Installing Schema: \phpbb\db\migration\data\v320\default_data_type_ids; Time: 2.50 seconds
[DEBUG] Apply dependencies of \phpbb\db\migration\data\v32x\user_notifications_table_index_p2.
[DEBUG] Apply dependencies of \phpbb\db\migration\data\v32x\user_notifications_table_index_p1.
[DEBUG] Apply dependencies of \phpbb\db\migration\data\v32x\cookie_notice_p2.
[DEBUG] Apply dependencies of \phpbb\db\migration\data\v320\v320.
[DEBUG] Apply dependencies of \phpbb\db\migration\data\v320\cookie_notice.
[DEBUG] Apply dependencies of \phpbb\db\migration\data\v320\v320rc2.
[DEBUG] Apply dependencies of \phpbb\db\migration\data\v320\add_help_phpbb.
[DEBUG] Apply dependencies of \phpbb\db\migration\data\v320\v320rc1.
[DEBUG] Apply dependencies of \phpbb\db\migration\data\v320\report_id_auto_increment.
[DEBUG] Apply dependencies of \phpbb\db\migration\data\v320\default_data_type_ids.
[DEBUG] Installing Schema: \phpbb\db\migration\data\v320\default_data_type_ids.
[DEBUG] Installing Schema: \phpbb\db\migration\data\v320\default_data_type_ids; Time: 0.02 seconds
[DEBUG] Apply dependencies of \phpbb\db\migration\data\v32x\user_notifications_table_index_p2.
[DEBUG] Apply dependencies of \phpbb\db\migration\data\v32x\user_notifications_table_index_p1.
[DEBUG] Apply dependencies of \phpbb\db\migration\data\v32x\cookie_notice_p2.
[DEBUG] Apply dependencies of \phpbb\db\migration\data\v320\v320.
[DEBUG] Apply dependencies of \phpbb\db\migration\data\v320\cookie_notice.
[DEBUG] Apply dependencies of \phpbb\db\migration\data\v320\v320rc2.
[DEBUG] Apply dependencies of \phpbb\db\migration\data\v320\add_help_phpbb.
[DEBUG] Apply dependencies of \phpbb\db\migration\data\v320\v320rc1.
[DEBUG] Apply dependencies of \phpbb\db\migration\data\v320\report_id_auto_increment.
[DEBUG] Apply dependencies of \phpbb\db\migration\data\v320\default_data_type_ids.
[DEBUG] Installing Schema: \phpbb\db\migration\data\v320\default_data_type_ids.
[DEBUG] Installing Schema: \phpbb\db\migration\data\v320\default_data_type_ids; Time: 0.06 seconds
[DEBUG] Apply dependencies of \phpbb\db\migration\data\v32x\user_notifications_table_index_p2.
[DEBUG] Apply dependencies of \phpbb\db\migration\data\v32x\user_notifications_table_index_p1.
[DEBUG] Apply dependencies of \phpbb\db\migration\data\v32x\cookie_notice_p2.
[DEBUG] Apply dependencies of \phpbb\db\migration\data\v320\v320.
[DEBUG] Apply dependencies of \phpbb\db\migration\data\v320\cookie_notice.
[DEBUG] Apply dependencies of \phpbb\db\migration\data\v320\v320rc2.
[DEBUG] Apply dependencies of \phpbb\db\migration\data\v320\add_help_phpbb.
[DEBUG] Apply dependencies of \phpbb\db\migration\data\v320\v320rc1.
[DEBUG] Apply dependencies of \phpbb\db\migration\data\v320\report_id_auto_increment.
[DEBUG] Apply dependencies of \phpbb\db\migration\data\v320\default_data_type_ids.
[DEBUG] Installing Schema: \phpbb\db\migration\data\v320\default_data_type_ids.
[DEBUG] Installing Schema: \phpbb\db\migration\data\v320\default_data_type_ids; Time: 0.06 seconds
[DEBUG] Apply dependencies of \phpbb\db\migration\data\v32x\user_notifications_table_index_p2.
[DEBUG] Apply dependencies of \phpbb\db\migration\data\v32x\user_notifications_table_index_p1.
[DEBUG] Apply dependencies of \phpbb\db\migration\data\v32x\cookie_notice_p2.
[DEBUG] Apply dependencies of \phpbb\db\migration\data\v320\v320.
[DEBUG] Apply dependencies of \phpbb\db\migration\data\v320\cookie_notice.
[DEBUG] Apply dependencies of \phpbb\db\migration\data\v320\v320rc2.
[DEBUG] Apply dependencies of \phpbb\db\migration\data\v320\add_help_phpbb.
[DEBUG] Apply dependencies of \phpbb\db\migration\data\v320\v320rc1.
[DEBUG] Apply dependencies of \phpbb\db\migration\data\v320\report_id_auto_increment.
[DEBUG] Apply dependencies of \phpbb\db\migration\data\v320\default_data_type_ids.
[DEBUG] Installing Schema: \phpbb\db\migration\data\v320\default_data_type_ids.
[DEBUG] Installing Schema: \phpbb\db\migration\data\v320\default_data_type_ids; Time: 0.06 seconds
[DEBUG] Apply dependencies of \phpbb\db\migration\data\v32x\user_notifications_table_index_p2.
[DEBUG] Apply dependencies of \phpbb\db\migration\data\v32x\user_notifications_table_index_p1.
[DEBUG] Apply dependencies of \phpbb\db\migration\data\v32x\cookie_notice_p2.
[DEBUG] Apply dependencies of \phpbb\db\migration\data\v320\v320.
[DEBUG] Apply dependencies of \phpbb\db\migration\data\v320\cookie_notice.
[DEBUG] Apply dependencies of \phpbb\db\migration\data\v320\v320rc2.
[DEBUG] Apply dependencies of \phpbb\db\migration\data\v320\add_help_phpbb.
[DEBUG] Apply dependencies of \phpbb\db\migration\data\v320\v320rc1.
[DEBUG] Apply dependencies of \phpbb\db\migration\data\v320\report_id_auto_increment.
[DEBUG] Apply dependencies of \phpbb\db\migration\data\v320\default_data_type_ids.
[DEBUG] Installing Schema: \phpbb\db\migration\data\v320\default_data_type_ids.
[DEBUG] Installing Schema: \phpbb\db\migration\data\v320\default_data_type_ids; Time: 0.06 seconds
[DEBUG] Apply dependencies of \phpbb\db\migration\data\v32x\user_notifications_table_index_p2.
[DEBUG] Apply dependencies of \phpbb\db\migration\data\v32x\user_notifications_table_index_p1.
[DEBUG] Apply dependencies of \phpbb\db\migration\data\v32x\cookie_notice_p2.
[DEBUG] Apply dependencies of \phpbb\db\migration\data\v320\v320.
[DEBUG] Apply dependencies of \phpbb\db\migration\data\v320\cookie_notice.
[DEBUG] Apply dependencies of \phpbb\db\migration\data\v320\v320rc2.
[DEBUG] Apply dependencies of \phpbb\db\migration\data\v320\add_help_phpbb.
[DEBUG] Apply dependencies of \phpbb\db\migration\data\v320\v320rc1.
[DEBUG] Apply dependencies of \phpbb\db\migration\data\v320\report_id_auto_increment.
[DEBUG] Apply dependencies of \phpbb\db\migration\data\v320\default_data_type_ids.
[DEBUG] Installing Schema: \phpbb\db\migration\data\v320\default_data_type_ids.
[DEBUG] Installing Schema: \phpbb\db\migration\data\v320\default_data_type_ids; Time: 0.11 seconds
[DEBUG] Apply dependencies of \phpbb\db\migration\data\v32x\user_notifications_table_index_p2.
[DEBUG] Apply dependencies of \phpbb\db\migration\data\v32x\user_notifications_table_index_p1.
[DEBUG] Apply dependencies of \phpbb\db\migration\data\v32x\cookie_notice_p2.
[DEBUG] Apply dependencies of \phpbb\db\migration\data\v320\v320.
[DEBUG] Apply dependencies of \phpbb\db\migration\data\v320\cookie_notice.
[DEBUG] Apply dependencies of \phpbb\db\migration\data\v320\v320rc2.
[DEBUG] Apply dependencies of \phpbb\db\migration\data\v320\add_help_phpbb.
[DEBUG] Apply dependencies of \phpbb\db\migration\data\v320\v320rc1.
[DEBUG] Apply dependencies of \phpbb\db\migration\data\v320\report_id_auto_increment.
[DEBUG] Apply dependencies of \phpbb\db\migration\data\v320\default_data_type_ids.
[DEBUG] Installing Schema: \phpbb\db\migration\data\v320\default_data_type_ids.
[DEBUG] Installing Schema: \phpbb\db\migration\data\v320\default_data_type_ids; Time: 0.06 seconds
[DEBUG] Apply dependencies of \phpbb\db\migration\data\v32x\user_notifications_table_index_p2.
[DEBUG] Apply dependencies of \phpbb\db\migration\data\v32x\user_notifications_table_index_p1.
[DEBUG] Apply dependencies of \phpbb\db\migration\data\v32x\cookie_notice_p2.
[DEBUG] Apply dependencies of \phpbb\db\migration\data\v320\v320.
[DEBUG] Apply dependencies of \phpbb\db\migration\data\v320\cookie_notice.
[DEBUG] Apply dependencies of \phpbb\db\migration\data\v320\v320rc2.
[DEBUG] Apply dependencies of \phpbb\db\migration\data\v320\add_help_phpbb.
[DEBUG] Apply dependencies of \phpbb\db\migration\data\v320\v320rc1.
[DEBUG] Apply dependencies of \phpbb\db\migration\data\v320\report_id_auto_increment.
[DEBUG] Apply dependencies of \phpbb\db\migration\data\v320\default_data_type_ids.
[DEBUG] Installing Schema: \phpbb\db\migration\data\v320\default_data_type_ids.
[DEBUG] Installing Schema: \phpbb\db\migration\data\v320\default_data_type_ids; Time: 0.07 seconds
[DEBUG] Apply dependencies of \phpbb\db\migration\data\v32x\user_notifications_table_index_p2.
[DEBUG] Apply dependencies of \phpbb\db\migration\data\v32x\user_notifications_table_index_p1.
[DEBUG] Apply dependencies of \phpbb\db\migration\data\v32x\cookie_notice_p2.
[DEBUG] Apply dependencies of \phpbb\db\migration\data\v320\v320.
[DEBUG] Apply dependencies of \phpbb\db\migration\data\v320\cookie_notice.
[DEBUG] Apply dependencies of \phpbb\db\migration\data\v320\v320rc2.
[DEBUG] Apply dependencies of \phpbb\db\migration\data\v320\add_help_phpbb.
[DEBUG] Apply dependencies of \phpbb\db\migration\data\v320\v320rc1.
[DEBUG] Apply dependencies of \phpbb\db\migration\data\v320\report_id_auto_increment.
[DEBUG] Apply dependencies of \phpbb\db\migration\data\v320\default_data_type_ids.
[DEBUG] Installing Schema: \phpbb\db\migration\data\v320\default_data_type_ids.
[DEBUG] Installing Schema: \phpbb\db\migration\data\v320\default_data_type_ids; Time: 0.08 seconds
[DEBUG] Apply dependencies of \phpbb\db\migration\data\v32x\user_notifications_table_index_p2.
[DEBUG] Apply dependencies of \phpbb\db\migration\data\v32x\user_notifications_table_index_p1.
[DEBUG] Apply dependencies of \phpbb\db\migration\data\v32x\cookie_notice_p2.
[DEBUG] Apply dependencies of \phpbb\db\migration\data\v320\v320.
[DEBUG] Apply dependencies of \phpbb\db\migration\data\v320\cookie_notice.
[DEBUG] Apply dependencies of \phpbb\db\migration\data\v320\v320rc2.
[DEBUG] Apply dependencies of \phpbb\db\migration\data\v320\add_help_phpbb.
[DEBUG] Apply dependencies of \phpbb\db\migration\data\v320\v320rc1.
[DEBUG] Apply dependencies of \phpbb\db\migration\data\v320\report_id_auto_increment.
[DEBUG] Apply dependencies of \phpbb\db\migration\data\v320\default_data_type_ids.
[DEBUG] Installing Schema: \phpbb\db\migration\data\v320\default_data_type_ids.
[DEBUG] Installing Schema: \phpbb\db\migration\data\v320\default_data_type_ids; Time: 0.15 seconds
[DEBUG] Apply dependencies of \phpbb\db\migration\data\v32x\user_notifications_table_index_p2.
[DEBUG] Apply dependencies of \phpbb\db\migration\data\v32x\user_notifications_table_index_p1.
[DEBUG] Apply dependencies of \phpbb\db\migration\data\v32x\cookie_notice_p2.
[DEBUG] Apply dependencies of \phpbb\db\migration\data\v320\v320.
[DEBUG] Apply dependencies of \phpbb\db\migration\data\v320\cookie_notice.
[DEBUG] Apply dependencies of \phpbb\db\migration\data\v320\v320rc2.
[DEBUG] Apply dependencies of \phpbb\db\migration\data\v320\add_help_phpbb.
[DEBUG] Apply dependencies of \phpbb\db\migration\data\v320\v320rc1.
[DEBUG] Apply dependencies of \phpbb\db\migration\data\v320\report_id_auto_increment.
[DEBUG] Apply dependencies of \phpbb\db\migration\data\v320\default_data_type_ids.
[DEBUG] Installing Schema: \phpbb\db\migration\data\v320\default_data_type_ids.
[DEBUG] Installing Schema: \phpbb\db\migration\data\v320\default_data_type_ids; Time: 0.14 seconds
[DEBUG] Apply dependencies of \phpbb\db\migration\data\v32x\user_notifications_table_index_p2.
[DEBUG] Apply dependencies of \phpbb\db\migration\data\v32x\user_notifications_table_index_p1.
[DEBUG] Apply dependencies of \phpbb\db\migration\data\v32x\cookie_notice_p2.
[DEBUG] Apply dependencies of \phpbb\db\migration\data\v320\v320.
[DEBUG] Apply dependencies of \phpbb\db\migration\data\v320\cookie_notice.
[DEBUG] Apply dependencies of \phpbb\db\migration\data\v320\v320rc2.
[DEBUG] Apply dependencies of \phpbb\db\migration\data\v320\add_help_phpbb.
[DEBUG] Apply dependencies of \phpbb\db\migration\data\v320\v320rc1.
[DEBUG] Apply dependencies of \phpbb\db\migration\data\v320\report_id_auto_increment.
[DEBUG] Apply dependencies of \phpbb\db\migration\data\v320\default_data_type_ids.
[DEBUG] Installing Schema: \phpbb\db\migration\data\v320\default_data_type_ids.
[DEBUG] Installing Schema: \phpbb\db\migration\data\v320\default_data_type_ids; Time: 0.04 seconds
[DEBUG] Apply dependencies of \phpbb\db\migration\data\v32x\user_notifications_table_index_p2.
[DEBUG] Apply dependencies of \phpbb\db\migration\data\v32x\user_notifications_table_index_p1.
[DEBUG] Apply dependencies of \phpbb\db\migration\data\v32x\cookie_notice_p2.
[DEBUG] Apply dependencies of \phpbb\db\migration\data\v320\v320.
[DEBUG] Apply dependencies of \phpbb\db\migration\data\v320\cookie_notice.
[DEBUG] Apply dependencies of \phpbb\db\migration\data\v320\v320rc2.
[DEBUG] Apply dependencies of \phpbb\db\migration\data\v320\add_help_phpbb.
[DEBUG] Apply dependencies of \phpbb\db\migration\data\v320\v320rc1.
[DEBUG] Apply dependencies of \phpbb\db\migration\data\v320\report_id_auto_increment.
[DEBUG] Apply dependencies of \phpbb\db\migration\data\v320\default_data_type_ids.
[DEBUG] Installing Schema: \phpbb\db\migration\data\v320\default_data_type_ids.
[DEBUG] Installing Schema: \phpbb\db\migration\data\v320\default_data_type_ids; Time: 0.05 seconds
[DEBUG] Apply dependencies of \phpbb\db\migration\data\v32x\user_notifications_table_index_p2.
[DEBUG] Apply dependencies of \phpbb\db\migration\data\v32x\user_notifications_table_index_p1.
[DEBUG] Apply dependencies of \phpbb\db\migration\data\v32x\cookie_notice_p2.
[DEBUG] Apply dependencies of \phpbb\db\migration\data\v320\v320.
[DEBUG] Apply dependencies of \phpbb\db\migration\data\v320\cookie_notice.
[DEBUG] Apply dependencies of \phpbb\db\migration\data\v320\v320rc2.
[DEBUG] Apply dependencies of \phpbb\db\migration\data\v320\add_help_phpbb.
[DEBUG] Apply dependencies of \phpbb\db\migration\data\v320\v320rc1.
[DEBUG] Apply dependencies of \phpbb\db\migration\data\v320\report_id_auto_increment.
[DEBUG] Apply dependencies of \phpbb\db\migration\data\v320\default_data_type_ids.
[DEBUG] Installing Schema: \phpbb\db\migration\data\v320\default_data_type_ids.
[DEBUG] Installing Schema: \phpbb\db\migration\data\v320\default_data_type_ids; Time: 0.03 seconds
[DEBUG] Apply dependencies of \phpbb\db\migration\data\v32x\user_notifications_table_index_p2.
[DEBUG] Apply dependencies of \phpbb\db\migration\data\v32x\user_notifications_table_index_p1.
[DEBUG] Apply dependencies of \phpbb\db\migration\data\v32x\cookie_notice_p2.
[DEBUG] Apply dependencies of \phpbb\db\migration\data\v320\v320.
[DEBUG] Apply dependencies of \phpbb\db\migration\data\v320\cookie_notice.
[DEBUG] Apply dependencies of \phpbb\db\migration\data\v320\v320rc2.
[DEBUG] Apply dependencies of \phpbb\db\migration\data\v320\add_help_phpbb.
[DEBUG] Apply dependencies of \phpbb\db\migration\data\v320\v320rc1.
[DEBUG] Apply dependencies of \phpbb\db\migration\data\v320\report_id_auto_increment.
[DEBUG] Apply dependencies of \phpbb\db\migration\data\v320\default_data_type_ids.
[DEBUG] Installing Schema: \phpbb\db\migration\data\v320\default_data_type_ids.
[DEBUG] Installing Schema: \phpbb\db\migration\data\v320\default_data_type_ids; Time: 0.03 seconds
[DEBUG] Apply dependencies of \phpbb\db\migration\data\v32x\user_notifications_table_index_p2.
[DEBUG] Apply dependencies of \phpbb\db\migration\data\v32x\user_notifications_table_index_p1.
[DEBUG] Apply dependencies of \phpbb\db\migration\data\v32x\cookie_notice_p2.
[DEBUG] Apply dependencies of \phpbb\db\migration\data\v320\v320.
[DEBUG] Apply dependencies of \phpbb\db\migration\data\v320\cookie_notice.
[DEBUG] Apply dependencies of \phpbb\db\migration\data\v320\v320rc2.
[DEBUG] Apply dependencies of \phpbb\db\migration\data\v320\add_help_phpbb.
[DEBUG] Apply dependencies of \phpbb\db\migration\data\v320\v320rc1.
[DEBUG] Apply dependencies of \phpbb\db\migration\data\v320\report_id_auto_increment.
[DEBUG] Apply dependencies of \phpbb\db\migration\data\v320\default_data_type_ids.
[DEBUG] Installing Schema: \phpbb\db\migration\data\v320\default_data_type_ids.
[DEBUG] Installing Schema: \phpbb\db\migration\data\v320\default_data_type_ids; Time: 1.19 seconds
[DEBUG] Apply dependencies of \phpbb\db\migration\data\v32x\user_notifications_table_index_p2.
[DEBUG] Apply dependencies of \phpbb\db\migration\data\v32x\user_notifications_table_index_p1.
[DEBUG] Apply dependencies of \phpbb\db\migration\data\v32x\cookie_notice_p2.
[DEBUG] Apply dependencies of \phpbb\db\migration\data\v320\v320.
[DEBUG] Apply dependencies of \phpbb\db\migration\data\v320\cookie_notice.
[DEBUG] Apply dependencies of \phpbb\db\migration\data\v320\v320rc2.
[DEBUG] Apply dependencies of \phpbb\db\migration\data\v320\add_help_phpbb.
[DEBUG] Apply dependencies of \phpbb\db\migration\data\v320\v320rc1.
[DEBUG] Apply dependencies of \phpbb\db\migration\data\v320\report_id_auto_increment.
[DEBUG] Apply dependencies of \phpbb\db\migration\data\v320\default_data_type_ids.
[DEBUG] Installing Schema: \phpbb\db\migration\data\v320\default_data_type_ids.
[DEBUG] Installing Schema: \phpbb\db\migration\data\v320\default_data_type_ids; Time: 1.16 seconds
[DEBUG] Apply dependencies of \phpbb\db\migration\data\v32x\user_notifications_table_index_p2.
[DEBUG] Apply dependencies of \phpbb\db\migration\data\v32x\user_notifications_table_index_p1.
[DEBUG] Apply dependencies of \phpbb\db\migration\data\v32x\cookie_notice_p2.
[DEBUG] Apply dependencies of \phpbb\db\migration\data\v320\v320.
[DEBUG] Apply dependencies of \phpbb\db\migration\data\v320\cookie_notice.
[DEBUG] Apply dependencies of \phpbb\db\migration\data\v320\v320rc2.
[DEBUG] Apply dependencies of \phpbb\db\migration\data\v320\add_help_phpbb.
[DEBUG] Apply dependencies of \phpbb\db\migration\data\v320\v320rc1.
[DEBUG] Apply dependencies of \phpbb\db\migration\data\v320\report_id_auto_increment.
[DEBUG] Apply dependencies of \phpbb\db\migration\data\v320\default_data_type_ids.
[DEBUG] Installing Schema: \phpbb\db\migration\data\v320\default_data_type_ids.
[DEBUG] Installing Schema: \phpbb\db\migration\data\v320\default_data_type_ids; Time: 0.92 seconds
[DEBUG] Apply dependencies of \phpbb\db\migration\data\v32x\user_notifications_table_index_p2.
[DEBUG] Apply dependencies of \phpbb\db\migration\data\v32x\user_notifications_table_index_p1.
[DEBUG] Apply dependencies of \phpbb\db\migration\data\v32x\cookie_notice_p2.
[DEBUG] Apply dependencies of \phpbb\db\migration\data\v320\v320.
[DEBUG] Apply dependencies of \phpbb\db\migration\data\v320\cookie_notice.
[DEBUG] Apply dependencies of \phpbb\db\migration\data\v320\v320rc2.
[DEBUG] Apply dependencies of \phpbb\db\migration\data\v320\add_help_phpbb.
[DEBUG] Apply dependencies of \phpbb\db\migration\data\v320\v320rc1.
[DEBUG] Apply dependencies of \phpbb\db\migration\data\v320\report_id_auto_increment.
[DEBUG] Apply dependencies of \phpbb\db\migration\data\v320\default_data_type_ids.
[DEBUG] Installing Schema: \phpbb\db\migration\data\v320\default_data_type_ids.
[DEBUG] Installing Schema: \phpbb\db\migration\data\v320\default_data_type_ids; Time: 1.00 seconds
[DEBUG] Apply dependencies of \phpbb\db\migration\data\v32x\user_notifications_table_index_p2.
[DEBUG] Apply dependencies of \phpbb\db\migration\data\v32x\user_notifications_table_index_p1.
[DEBUG] Apply dependencies of \phpbb\db\migration\data\v32x\cookie_notice_p2.
[DEBUG] Apply dependencies of \phpbb\db\migration\data\v320\v320.
[DEBUG] Apply dependencies of \phpbb\db\migration\data\v320\cookie_notice.
[DEBUG] Apply dependencies of \phpbb\db\migration\data\v320\v320rc2.
[DEBUG] Apply dependencies of \phpbb\db\migration\data\v320\add_help_phpbb.
[DEBUG] Apply dependencies of \phpbb\db\migration\data\v320\v320rc1.
[DEBUG] Apply dependencies of \phpbb\db\migration\data\v320\report_id_auto_increment.
[DEBUG] Apply dependencies of \phpbb\db\migration\data\v320\default_data_type_ids.
[DEBUG] Installing Schema: \phpbb\db\migration\data\v320\default_data_type_ids.
[DEBUG] Installing Schema: \phpbb\db\migration\data\v320\default_data_type_ids; Time: 0.01 seconds
[DEBUG] Apply dependencies of \phpbb\db\migration\data\v32x\user_notifications_table_index_p2.
[DEBUG] Apply dependencies of \phpbb\db\migration\data\v32x\user_notifications_table_index_p1.
[DEBUG] Apply dependencies of \phpbb\db\migration\data\v32x\cookie_notice_p2.
[DEBUG] Apply dependencies of \phpbb\db\migration\data\v320\v320.
[DEBUG] Apply dependencies of \phpbb\db\migration\data\v320\cookie_notice.
[DEBUG] Apply dependencies of \phpbb\db\migration\data\v320\v320rc2.
[DEBUG] Apply dependencies of \phpbb\db\migration\data\v320\add_help_phpbb.
[DEBUG] Apply dependencies of \phpbb\db\migration\data\v320\v320rc1.
[DEBUG] Apply dependencies of \phpbb\db\migration\data\v320\report_id_auto_increment.
[DEBUG] Apply dependencies of \phpbb\db\migration\data\v320\default_data_type_ids.
[DEBUG] Installing Schema: \phpbb\db\migration\data\v320\default_data_type_ids.
[DEBUG] Installing Schema: \phpbb\db\migration\data\v320\default_data_type_ids; Time: 0.02 seconds
[DEBUG] Apply dependencies of \phpbb\db\migration\data\v32x\user_notifications_table_index_p2.
[DEBUG] Apply dependencies of \phpbb\db\migration\data\v32x\user_notifications_table_index_p1.
[DEBUG] Apply dependencies of \phpbb\db\migration\data\v32x\cookie_notice_p2.
[DEBUG] Apply dependencies of \phpbb\db\migration\data\v320\v320.
[DEBUG] Apply dependencies of \phpbb\db\migration\data\v320\cookie_notice.
[DEBUG] Apply dependencies of \phpbb\db\migration\data\v320\v320rc2.
[DEBUG] Apply dependencies of \phpbb\db\migration\data\v320\add_help_phpbb.
[DEBUG] Apply dependencies of \phpbb\db\migration\data\v320\v320rc1.
[DEBUG] Apply dependencies of \phpbb\db\migration\data\v320\report_id_auto_increment.
[DEBUG] Apply dependencies of \phpbb\db\migration\data\v320\default_data_type_ids.
[DEBUG] Installing Schema: \phpbb\db\migration\data\v320\default_data_type_ids.
[DEBUG] Installing Schema: \phpbb\db\migration\data\v320\default_data_type_ids; Time: 0.02 seconds
[DEBUG] Apply dependencies of \phpbb\db\migration\data\v32x\user_notifications_table_index_p2.
[DEBUG] Apply dependencies of \phpbb\db\migration\data\v32x\user_notifications_table_index_p1.
[DEBUG] Apply dependencies of \phpbb\db\migration\data\v32x\cookie_notice_p2.
[DEBUG] Apply dependencies of \phpbb\db\migration\data\v320\v320.
[DEBUG] Apply dependencies of \phpbb\db\migration\data\v320\cookie_notice.
[DEBUG] Apply dependencies of \phpbb\db\migration\data\v320\v320rc2.
[DEBUG] Apply dependencies of \phpbb\db\migration\data\v320\add_help_phpbb.
[DEBUG] Apply dependencies of \phpbb\db\migration\data\v320\v320rc1.
[DEBUG] Apply dependencies of \phpbb\db\migration\data\v320\report_id_auto_increment.
[DEBUG] Apply dependencies of \phpbb\db\migration\data\v320\default_data_type_ids.
[DEBUG] Installing Schema: \phpbb\db\migration\data\v320\default_data_type_ids.
[DEBUG] Installing Schema: \phpbb\db\migration\data\v320\default_data_type_ids; Time: 0.04 seconds
[DEBUG] Apply dependencies of \phpbb\db\migration\data\v32x\user_notifications_table_index_p2.
[DEBUG] Apply dependencies of \phpbb\db\migration\data\v32x\user_notifications_table_index_p1.
[DEBUG] Apply dependencies of \phpbb\db\migration\data\v32x\cookie_notice_p2.
[DEBUG] Apply dependencies of \phpbb\db\migration\data\v320\v320.
[DEBUG] Apply dependencies of \phpbb\db\migration\data\v320\cookie_notice.
[DEBUG] Apply dependencies of \phpbb\db\migration\data\v320\v320rc2.
[DEBUG] Apply dependencies of \phpbb\db\migration\data\v320\add_help_phpbb.
[DEBUG] Apply dependencies of \phpbb\db\migration\data\v320\v320rc1.
[DEBUG] Apply dependencies of \phpbb\db\migration\data\v320\report_id_auto_increment.
[DEBUG] Apply dependencies of \phpbb\db\migration\data\v320\default_data_type_ids.
[DEBUG] Installing Schema: \phpbb\db\migration\data\v320\default_data_type_ids.
[DEBUG] Installing Schema: \phpbb\db\migration\data\v320\default_data_type_ids; Time: 0.02 seconds
[DEBUG] Apply dependencies of \phpbb\db\migration\data\v32x\user_notifications_table_index_p2.
[DEBUG] Apply dependencies of \phpbb\db\migration\data\v32x\user_notifications_table_index_p1.
[DEBUG] Apply dependencies of \phpbb\db\migration\data\v32x\cookie_notice_p2.
[DEBUG] Apply dependencies of \phpbb\db\migration\data\v320\v320.
[DEBUG] Apply dependencies of \phpbb\db\migration\data\v320\cookie_notice.
[DEBUG] Apply dependencies of \phpbb\db\migration\data\v320\v320rc2.
[DEBUG] Apply dependencies of \phpbb\db\migration\data\v320\add_help_phpbb.
[DEBUG] Apply dependencies of \phpbb\db\migration\data\v320\v320rc1.
[DEBUG] Apply dependencies of \phpbb\db\migration\data\v320\report_id_auto_increment.
[DEBUG] Apply dependencies of \phpbb\db\migration\data\v320\default_data_type_ids.
[DEBUG] Installing Schema: \phpbb\db\migration\data\v320\default_data_type_ids.
[INFO] Installed Schema: \phpbb\db\migration\data\v320\default_data_type_ids; Time: 18.13 seconds
[DEBUG] Apply dependencies of \phpbb\db\migration\data\v32x\user_notifications_table_index_p2.
[DEBUG] Apply dependencies of \phpbb\db\migration\data\v32x\user_notifications_table_index_p1.
[DEBUG] Apply dependencies of \phpbb\db\migration\data\v32x\cookie_notice_p2.
[DEBUG] Apply dependencies of \phpbb\db\migration\data\v320\v320.
[DEBUG] Apply dependencies of \phpbb\db\migration\data\v320\cookie_notice.
[DEBUG] Apply dependencies of \phpbb\db\migration\data\v320\v320rc2.
[DEBUG] Apply dependencies of \phpbb\db\migration\data\v320\add_help_phpbb.
[DEBUG] Apply dependencies of \phpbb\db\migration\data\v320\v320rc1.
[DEBUG] Apply dependencies of \phpbb\db\migration\data\v320\report_id_auto_increment.
[DEBUG] Apply dependencies of \phpbb\db\migration\data\v320\default_data_type_ids.
[DEBUG] Installing Data: \phpbb\db\migration\data\v320\default_data_type_ids.
[INFO] Installed Data: \phpbb\db\migration\data\v320\default_data_type_ids; Time: 0.00 seconds
[DEBUG] Apply dependencies of \phpbb\db\migration\data\v32x\user_notifications_table_index_p2.
[DEBUG] Apply dependencies of \phpbb\db\migration\data\v32x\user_notifications_table_index_p1.
[DEBUG] Apply dependencies of \phpbb\db\migration\data\v32x\cookie_notice_p2.
[DEBUG] Apply dependencies of \phpbb\db\migration\data\v320\v320.
[DEBUG] Apply dependencies of \phpbb\db\migration\data\v320\cookie_notice.
[DEBUG] Apply dependencies of \phpbb\db\migration\data\v320\v320rc2.
[DEBUG] Apply dependencies of \phpbb\db\migration\data\v320\add_help_phpbb.
[DEBUG] Apply dependencies of \phpbb\db\migration\data\v320\v320rc1.
[DEBUG] Apply dependencies of \phpbb\db\migration\data\v320\report_id_auto_increment.
[DEBUG] Installing Schema: \phpbb\db\migration\data\v320\report_id_auto_increment.
[INFO] Installed Schema: \phpbb\db\migration\data\v320\report_id_auto_increment; Time: 0.03 seconds
[DEBUG] Apply dependencies of \phpbb\db\migration\data\v32x\user_notifications_table_index_p2.
[DEBUG] Apply dependencies of \phpbb\db\migration\data\v32x\user_notifications_table_index_p1.
[DEBUG] Apply dependencies of \phpbb\db\migration\data\v32x\cookie_notice_p2.
[DEBUG] Apply dependencies of \phpbb\db\migration\data\v320\v320.
[DEBUG] Apply dependencies of \phpbb\db\migration\data\v320\cookie_notice.
[DEBUG] Apply dependencies of \phpbb\db\migration\data\v320\v320rc2.
[DEBUG] Apply dependencies of \phpbb\db\migration\data\v320\add_help_phpbb.
[DEBUG] Apply dependencies of \phpbb\db\migration\data\v320\v320rc1.
[DEBUG] Apply dependencies of \phpbb\db\migration\data\v320\report_id_auto_increment.
[DEBUG] Installing Data: \phpbb\db\migration\data\v320\report_id_auto_increment.
[INFO] Installed Data: \phpbb\db\migration\data\v320\report_id_auto_increment; Time: 0.00 seconds
[DEBUG] Apply dependencies of \phpbb\db\migration\data\v32x\user_notifications_table_index_p2.
[DEBUG] Apply dependencies of \phpbb\db\migration\data\v32x\user_notifications_table_index_p1.
[DEBUG] Apply dependencies of \phpbb\db\migration\data\v32x\cookie_notice_p2.
[DEBUG] Apply dependencies of \phpbb\db\migration\data\v320\v320.
[DEBUG] Apply dependencies of \phpbb\db\migration\data\v320\cookie_notice.
[DEBUG] Apply dependencies of \phpbb\db\migration\data\v320\v320rc2.
[DEBUG] Apply dependencies of \phpbb\db\migration\data\v320\add_help_phpbb.
[DEBUG] Apply dependencies of \phpbb\db\migration\data\v320\v320rc1.
[DEBUG] Apply dependencies of \phpbb\db\migration\data\v320\v320b2.
[DEBUG] Apply dependencies of \phpbb\db\migration\data\v320\v320b1.
[DEBUG] Installing Schema: \phpbb\db\migration\data\v320\v320b1.
[INFO] Installed Schema: \phpbb\db\migration\data\v320\v320b1; Time: 0.00 seconds
[DEBUG] Apply dependencies of \phpbb\db\migration\data\v32x\user_notifications_table_index_p2.
[DEBUG] Apply dependencies of \phpbb\db\migration\data\v32x\user_notifications_table_index_p1.
[DEBUG] Apply dependencies of \phpbb\db\migration\data\v32x\cookie_notice_p2.
[DEBUG] Apply dependencies of \phpbb\db\migration\data\v320\v320.
[DEBUG] Apply dependencies of \phpbb\db\migration\data\v320\cookie_notice.
[DEBUG] Apply dependencies of \phpbb\db\migration\data\v320\v320rc2.
[DEBUG] Apply dependencies of \phpbb\db\migration\data\v320\add_help_phpbb.
[DEBUG] Apply dependencies of \phpbb\db\migration\data\v320\v320rc1.
[DEBUG] Apply dependencies of \phpbb\db\migration\data\v320\v320b2.
[DEBUG] Apply dependencies of \phpbb\db\migration\data\v320\v320b1.
[DEBUG] Installing Data: \phpbb\db\migration\data\v320\v320b1.
[INFO] Installed Data: \phpbb\db\migration\data\v320\v320b1; Time: 0.01 seconds
[DEBUG] Apply dependencies of \phpbb\db\migration\data\v32x\user_notifications_table_index_p2.
[DEBUG] Apply dependencies of \phpbb\db\migration\data\v32x\user_notifications_table_index_p1.
[DEBUG] Apply dependencies of \phpbb\db\migration\data\v32x\cookie_notice_p2.
[DEBUG] Apply dependencies of \phpbb\db\migration\data\v320\v320.
[DEBUG] Apply dependencies of \phpbb\db\migration\data\v320\cookie_notice.
[DEBUG] Apply dependencies of \phpbb\db\migration\data\v320\v320rc2.
[DEBUG] Apply dependencies of \phpbb\db\migration\data\v320\add_help_phpbb.
[DEBUG] Apply dependencies of \phpbb\db\migration\data\v320\v320rc1.
[DEBUG] Apply dependencies of \phpbb\db\migration\data\v320\v320b2.
[DEBUG] Apply dependencies of \phpbb\db\migration\data\v320\remote_upload_validation.
[DEBUG] Installing Schema: \phpbb\db\migration\data\v320\remote_upload_validation.
[INFO] Installed Schema: \phpbb\db\migration\data\v320\remote_upload_validation; Time: 0.00 seconds
[DEBUG] Apply dependencies of \phpbb\db\migration\data\v32x\user_notifications_table_index_p2.
[DEBUG] Apply dependencies of \phpbb\db\migration\data\v32x\user_notifications_table_index_p1.
[DEBUG] Apply dependencies of \phpbb\db\migration\data\v32x\cookie_notice_p2.
[DEBUG] Apply dependencies of \phpbb\db\migration\data\v320\v320.
[DEBUG] Apply dependencies of \phpbb\db\migration\data\v320\cookie_notice.
[DEBUG] Apply dependencies of \phpbb\db\migration\data\v320\v320rc2.
[DEBUG] Apply dependencies of \phpbb\db\migration\data\v320\add_help_phpbb.
[DEBUG] Apply dependencies of \phpbb\db\migration\data\v320\v320rc1.
[DEBUG] Apply dependencies of \phpbb\db\migration\data\v320\v320b2.
[DEBUG] Apply dependencies of \phpbb\db\migration\data\v320\remote_upload_validation.
[DEBUG] Installing Data: \phpbb\db\migration\data\v320\remote_upload_validation.
[INFO] Installed Data: \phpbb\db\migration\data\v320\remote_upload_validation; Time: 0.00 seconds
[DEBUG] Apply dependencies of \phpbb\db\migration\data\v32x\user_notifications_table_index_p2.
[DEBUG] Apply dependencies of \phpbb\db\migration\data\v32x\user_notifications_table_index_p1.
[DEBUG] Apply dependencies of \phpbb\db\migration\data\v32x\cookie_notice_p2.
[DEBUG] Apply dependencies of \phpbb\db\migration\data\v320\v320.
[DEBUG] Apply dependencies of \phpbb\db\migration\data\v320\cookie_notice.
[DEBUG] Apply dependencies of \phpbb\db\migration\data\v320\v320rc2.
[DEBUG] Apply dependencies of \phpbb\db\migration\data\v320\add_help_phpbb.
[DEBUG] Apply dependencies of \phpbb\db\migration\data\v320\v320rc1.
[DEBUG] Apply dependencies of \phpbb\db\migration\data\v320\v320b2.
[DEBUG] Installing Schema: \phpbb\db\migration\data\v320\v320b2.
[INFO] Installed Schema: \phpbb\db\migration\data\v320\v320b2; Time: 0.00 seconds
[DEBUG] Apply dependencies of \phpbb\db\migration\data\v32x\user_notifications_table_index_p2.
[DEBUG] Apply dependencies of \phpbb\db\migration\data\v32x\user_notifications_table_index_p1.
[DEBUG] Apply dependencies of \phpbb\db\migration\data\v32x\cookie_notice_p2.
[DEBUG] Apply dependencies of \phpbb\db\migration\data\v320\v320.
[DEBUG] Apply dependencies of \phpbb\db\migration\data\v320\cookie_notice.
[DEBUG] Apply dependencies of \phpbb\db\migration\data\v320\v320rc2.
[DEBUG] Apply dependencies of \phpbb\db\migration\data\v320\add_help_phpbb.
[DEBUG] Apply dependencies of \phpbb\db\migration\data\v320\v320rc1.
[DEBUG] Apply dependencies of \phpbb\db\migration\data\v320\v320b2.
[DEBUG] Installing Data: \phpbb\db\migration\data\v320\v320b2.
[INFO] Installed Data: \phpbb\db\migration\data\v320\v320b2; Time: 0.00 seconds
[DEBUG] Apply dependencies of \phpbb\db\migration\data\v32x\user_notifications_table_index_p2.
[DEBUG] Apply dependencies of \phpbb\db\migration\data\v32x\user_notifications_table_index_p1.
[DEBUG] Apply dependencies of \phpbb\db\migration\data\v32x\cookie_notice_p2.
[DEBUG] Apply dependencies of \phpbb\db\migration\data\v320\v320.
[DEBUG] Apply dependencies of \phpbb\db\migration\data\v320\cookie_notice.
[DEBUG] Apply dependencies of \phpbb\db\migration\data\v320\v320rc2.
[DEBUG] Apply dependencies of \phpbb\db\migration\data\v320\add_help_phpbb.
[DEBUG] Apply dependencies of \phpbb\db\migration\data\v320\v320rc1.
[DEBUG] Installing Schema: \phpbb\db\migration\data\v320\v320rc1.
[INFO] Installed Schema: \phpbb\db\migration\data\v320\v320rc1; Time: 0.00 seconds
[DEBUG] Apply dependencies of \phpbb\db\migration\data\v32x\user_notifications_table_index_p2.
[DEBUG] Apply dependencies of \phpbb\db\migration\data\v32x\user_notifications_table_index_p1.
[DEBUG] Apply dependencies of \phpbb\db\migration\data\v32x\cookie_notice_p2.
[DEBUG] Apply dependencies of \phpbb\db\migration\data\v320\v320.
[DEBUG] Apply dependencies of \phpbb\db\migration\data\v320\cookie_notice.
[DEBUG] Apply dependencies of \phpbb\db\migration\data\v320\v320rc2.
[DEBUG] Apply dependencies of \phpbb\db\migration\data\v320\add_help_phpbb.
[DEBUG] Apply dependencies of \phpbb\db\migration\data\v320\v320rc1.
[DEBUG] Installing Data: \phpbb\db\migration\data\v320\v320rc1.
[INFO] Installed Data: \phpbb\db\migration\data\v320\v320rc1; Time: 0.00 seconds
[DEBUG] Apply dependencies of \phpbb\db\migration\data\v32x\user_notifications_table_index_p2.
[DEBUG] Apply dependencies of \phpbb\db\migration\data\v32x\user_notifications_table_index_p1.
[DEBUG] Apply dependencies of \phpbb\db\migration\data\v32x\cookie_notice_p2.
[DEBUG] Apply dependencies of \phpbb\db\migration\data\v320\v320.
[DEBUG] Apply dependencies of \phpbb\db\migration\data\v320\cookie_notice.
[DEBUG] Apply dependencies of \phpbb\db\migration\data\v320\v320rc2.
[DEBUG] Apply dependencies of \phpbb\db\migration\data\v320\add_help_phpbb.
[DEBUG] Installing Schema: \phpbb\db\migration\data\v320\add_help_phpbb.
[INFO] Installed Schema: \phpbb\db\migration\data\v320\add_help_phpbb; Time: 0.00 seconds
[DEBUG] Apply dependencies of \phpbb\db\migration\data\v32x\user_notifications_table_index_p2.
[DEBUG] Apply dependencies of \phpbb\db\migration\data\v32x\user_notifications_table_index_p1.
[DEBUG] Apply dependencies of \phpbb\db\migration\data\v32x\cookie_notice_p2.
[DEBUG] Apply dependencies of \phpbb\db\migration\data\v320\v320.
[DEBUG] Apply dependencies of \phpbb\db\migration\data\v320\cookie_notice.
[DEBUG] Apply dependencies of \phpbb\db\migration\data\v320\v320rc2.
[DEBUG] Apply dependencies of \phpbb\db\migration\data\v320\add_help_phpbb.
[DEBUG] Installing Data: \phpbb\db\migration\data\v320\add_help_phpbb.
[DEBUG] Installing Data: \phpbb\db\migration\data\v320\add_help_phpbb; Time: 0.00 seconds
[DEBUG] Apply dependencies of \phpbb\db\migration\data\v32x\user_notifications_table_index_p2.
[DEBUG] Apply dependencies of \phpbb\db\migration\data\v32x\user_notifications_table_index_p1.
[DEBUG] Apply dependencies of \phpbb\db\migration\data\v32x\cookie_notice_p2.
[DEBUG] Apply dependencies of \phpbb\db\migration\data\v320\v320.
[DEBUG] Apply dependencies of \phpbb\db\migration\data\v320\cookie_notice.
[DEBUG] Apply dependencies of \phpbb\db\migration\data\v320\v320rc2.
[DEBUG] Apply dependencies of \phpbb\db\migration\data\v320\add_help_phpbb.
[DEBUG] Installing Data: \phpbb\db\migration\data\v320\add_help_phpbb.
[DEBUG] Installing Data: \phpbb\db\migration\data\v320\add_help_phpbb; Time: 0.00 seconds
[DEBUG] Apply dependencies of \phpbb\db\migration\data\v32x\user_notifications_table_index_p2.
[DEBUG] Apply dependencies of \phpbb\db\migration\data\v32x\user_notifications_table_index_p1.
[DEBUG] Apply dependencies of \phpbb\db\migration\data\v32x\cookie_notice_p2.
[DEBUG] Apply dependencies of \phpbb\db\migration\data\v320\v320.
[DEBUG] Apply dependencies of \phpbb\db\migration\data\v320\cookie_notice.
[DEBUG] Apply dependencies of \phpbb\db\migration\data\v320\v320rc2.
[DEBUG] Apply dependencies of \phpbb\db\migration\data\v320\add_help_phpbb.
[DEBUG] Installing Data: \phpbb\db\migration\data\v320\add_help_phpbb.
[DEBUG] Installing Data: \phpbb\db\migration\data\v320\add_help_phpbb; Time: 0.01 seconds
[DEBUG] Apply dependencies of \phpbb\db\migration\data\v32x\user_notifications_table_index_p2.
[DEBUG] Apply dependencies of \phpbb\db\migration\data\v32x\user_notifications_table_index_p1.
[DEBUG] Apply dependencies of \phpbb\db\migration\data\v32x\cookie_notice_p2.
[DEBUG] Apply dependencies of \phpbb\db\migration\data\v320\v320.
[DEBUG] Apply dependencies of \phpbb\db\migration\data\v320\cookie_notice.
[DEBUG] Apply dependencies of \phpbb\db\migration\data\v320\v320rc2.
[DEBUG] Apply dependencies of \phpbb\db\migration\data\v320\add_help_phpbb.
[DEBUG] Installing Data: \phpbb\db\migration\data\v320\add_help_phpbb.
[INFO] Installed Data: \phpbb\db\migration\data\v320\add_help_phpbb; Time: 0.04 seconds
[DEBUG] Apply dependencies of \phpbb\db\migration\data\v32x\user_notifications_table_index_p2.
[DEBUG] Apply dependencies of \phpbb\db\migration\data\v32x\user_notifications_table_index_p1.
[DEBUG] Apply dependencies of \phpbb\db\migration\data\v32x\cookie_notice_p2.
[DEBUG] Apply dependencies of \phpbb\db\migration\data\v320\v320.
[DEBUG] Apply dependencies of \phpbb\db\migration\data\v320\cookie_notice.
[DEBUG] Apply dependencies of \phpbb\db\migration\data\v320\v320rc2.
[DEBUG] Installing Schema: \phpbb\db\migration\data\v320\v320rc2.
[INFO] Installed Schema: \phpbb\db\migration\data\v320\v320rc2; Time: 0.00 seconds
[DEBUG] Apply dependencies of \phpbb\db\migration\data\v32x\user_notifications_table_index_p2.
[DEBUG] Apply dependencies of \phpbb\db\migration\data\v32x\user_notifications_table_index_p1.
[DEBUG] Apply dependencies of \phpbb\db\migration\data\v32x\cookie_notice_p2.
[DEBUG] Apply dependencies of \phpbb\db\migration\data\v320\v320.
[DEBUG] Apply dependencies of \phpbb\db\migration\data\v320\cookie_notice.
[DEBUG] Apply dependencies of \phpbb\db\migration\data\v320\v320rc2.
[DEBUG] Installing Data: \phpbb\db\migration\data\v320\v320rc2.
[INFO] Installed Data: \phpbb\db\migration\data\v320\v320rc2; Time: 0.00 seconds
[DEBUG] Apply dependencies of \phpbb\db\migration\data\v32x\user_notifications_table_index_p2.
[DEBUG] Apply dependencies of \phpbb\db\migration\data\v32x\user_notifications_table_index_p1.
[DEBUG] Apply dependencies of \phpbb\db\migration\data\v32x\cookie_notice_p2.
[DEBUG] Apply dependencies of \phpbb\db\migration\data\v320\v320.
[DEBUG] Apply dependencies of \phpbb\db\migration\data\v320\cookie_notice.
[DEBUG] Installing Schema: \phpbb\db\migration\data\v320\cookie_notice.
[INFO] Installed Schema: \phpbb\db\migration\data\v320\cookie_notice; Time: 0.00 seconds
[DEBUG] Apply dependencies of \phpbb\db\migration\data\v32x\user_notifications_table_index_p2.
[DEBUG] Apply dependencies of \phpbb\db\migration\data\v32x\user_notifications_table_index_p1.
[DEBUG] Apply dependencies of \phpbb\db\migration\data\v32x\cookie_notice_p2.
[DEBUG] Apply dependencies of \phpbb\db\migration\data\v320\v320.
[DEBUG] Apply dependencies of \phpbb\db\migration\data\v320\cookie_notice.
[DEBUG] Installing Data: \phpbb\db\migration\data\v320\cookie_notice.
[INFO] Installed Data: \phpbb\db\migration\data\v320\cookie_notice; Time: 0.00 seconds
[DEBUG] Apply dependencies of \phpbb\db\migration\data\v32x\user_notifications_table_index_p2.
[DEBUG] Apply dependencies of \phpbb\db\migration\data\v32x\user_notifications_table_index_p1.
[DEBUG] Apply dependencies of \phpbb\db\migration\data\v32x\cookie_notice_p2.
[DEBUG] Apply dependencies of \phpbb\db\migration\data\v320\v320.
[DEBUG] Installing Schema: \phpbb\db\migration\data\v320\v320.
[INFO] Installed Schema: \phpbb\db\migration\data\v320\v320; Time: 0.00 seconds
[DEBUG] Apply dependencies of \phpbb\db\migration\data\v32x\user_notifications_table_index_p2.
[DEBUG] Apply dependencies of \phpbb\db\migration\data\v32x\user_notifications_table_index_p1.
[DEBUG] Apply dependencies of \phpbb\db\migration\data\v32x\cookie_notice_p2.
[DEBUG] Apply dependencies of \phpbb\db\migration\data\v320\v320.
[DEBUG] Installing Data: \phpbb\db\migration\data\v320\v320.
[INFO] Installed Data: \phpbb\db\migration\data\v320\v320; Time: 0.00 seconds
[DEBUG] Apply dependencies of \phpbb\db\migration\data\v32x\user_notifications_table_index_p2.
[DEBUG] Apply dependencies of \phpbb\db\migration\data\v32x\user_notifications_table_index_p1.
[DEBUG] Apply dependencies of \phpbb\db\migration\data\v32x\cookie_notice_p2.
[DEBUG] Migration already effectively installed (skipped): \phpbb\db\migration\data\v32x\cookie_notice_p2
[DEBUG] Apply dependencies of \phpbb\db\migration\data\v32x\user_notifications_table_index_p2.
[DEBUG] Apply dependencies of \phpbb\db\migration\data\v32x\user_notifications_table_index_p1.
[DEBUG] Installing Schema: \phpbb\db\migration\data\v32x\user_notifications_table_index_p1.
[INFO] Installed Schema: \phpbb\db\migration\data\v32x\user_notifications_table_index_p1; Time: 1.06 seconds
[DEBUG] Apply dependencies of \phpbb\db\migration\data\v32x\user_notifications_table_index_p2.
[DEBUG] Apply dependencies of \phpbb\db\migration\data\v32x\user_notifications_table_index_p1.
[DEBUG] Installing Data: \phpbb\db\migration\data\v32x\user_notifications_table_index_p1.
[INFO] Installed Data: \phpbb\db\migration\data\v32x\user_notifications_table_index_p1; Time: 0.00 seconds
[DEBUG] Apply dependencies of \phpbb\db\migration\data\v32x\user_notifications_table_index_p2.
[DEBUG] Installing Schema: \phpbb\db\migration\data\v32x\user_notifications_table_index_p2.
[INFO] Installed Schema: \phpbb\db\migration\data\v32x\user_notifications_table_index_p2; Time: 0.26 seconds
[DEBUG] Apply dependencies of \phpbb\db\migration\data\v32x\user_notifications_table_index_p2.
[DEBUG] Installing Data: \phpbb\db\migration\data\v32x\user_notifications_table_index_p2.
[INFO] Installed Data: \phpbb\db\migration\data\v32x\user_notifications_table_index_p2; Time: 0.00 seconds
[DEBUG] Migration already effectively installed (skipped): \phpbb\db\migration\data\v32x\user_notifications_table_index_p2
[DEBUG] Apply dependencies of \phpbb\db\migration\data\v32x\v322.
[DEBUG] Apply dependencies of \phpbb\db\migration\data\v31x\v3112.
[DEBUG] Apply dependencies of \phpbb\db\migration\data\v31x\v3111.
[DEBUG] Apply dependencies of \phpbb\db\migration\data\v31x\v3111rc1.
[DEBUG] Apply dependencies of \phpbb\db\migration\data\v31x\add_jabber_ssl_context_config_options.
[DEBUG] Installing Schema: \phpbb\db\migration\data\v31x\add_jabber_ssl_context_config_options.
[INFO] Installed Schema: \phpbb\db\migration\data\v31x\add_jabber_ssl_context_config_options; Time: 0.00 seconds
[DEBUG] Migration already effectively installed (skipped): \phpbb\db\migration\data\v32x\user_notifications_table_index_p2
[DEBUG] Apply dependencies of \phpbb\db\migration\data\v32x\v322.
[DEBUG] Apply dependencies of \phpbb\db\migration\data\v31x\v3112.
[DEBUG] Apply dependencies of \phpbb\db\migration\data\v31x\v3111.
[DEBUG] Apply dependencies of \phpbb\db\migration\data\v31x\v3111rc1.
[DEBUG] Apply dependencies of \phpbb\db\migration\data\v31x\add_jabber_ssl_context_config_options.
[DEBUG] Installing Data: \phpbb\db\migration\data\v31x\add_jabber_ssl_context_config_options.
[DEBUG] Installing Data: \phpbb\db\migration\data\v31x\add_jabber_ssl_context_config_options; Time: 0.00 seconds
[DEBUG] Migration already effectively installed (skipped): \phpbb\db\migration\data\v32x\user_notifications_table_index_p2
[DEBUG] Apply dependencies of \phpbb\db\migration\data\v32x\v322.
[DEBUG] Apply dependencies of \phpbb\db\migration\data\v31x\v3112.
[DEBUG] Apply dependencies of \phpbb\db\migration\data\v31x\v3111.
[DEBUG] Apply dependencies of \phpbb\db\migration\data\v31x\v3111rc1.
[DEBUG] Apply dependencies of \phpbb\db\migration\data\v31x\add_jabber_ssl_context_config_options.
[DEBUG] Installing Data: \phpbb\db\migration\data\v31x\add_jabber_ssl_context_config_options.
[DEBUG] Installing Data: \phpbb\db\migration\data\v31x\add_jabber_ssl_context_config_options; Time: 0.00 seconds
[DEBUG] Migration already effectively installed (skipped): \phpbb\db\migration\data\v32x\user_notifications_table_index_p2
[DEBUG] Apply dependencies of \phpbb\db\migration\data\v32x\v322.
[DEBUG] Apply dependencies of \phpbb\db\migration\data\v31x\v3112.
[DEBUG] Apply dependencies of \phpbb\db\migration\data\v31x\v3111.
[DEBUG] Apply dependencies of \phpbb\db\migration\data\v31x\v3111rc1.
[DEBUG] Apply dependencies of \phpbb\db\migration\data\v31x\add_jabber_ssl_context_config_options.
[DEBUG] Installing Data: \phpbb\db\migration\data\v31x\add_jabber_ssl_context_config_options.
[INFO] Installed Data: \phpbb\db\migration\data\v31x\add_jabber_ssl_context_config_options; Time: 0.00 seconds
[DEBUG] Migration already effectively installed (skipped): \phpbb\db\migration\data\v32x\user_notifications_table_index_p2
[DEBUG] Apply dependencies of \phpbb\db\migration\data\v32x\v322.
[DEBUG] Apply dependencies of \phpbb\db\migration\data\v31x\v3112.
[DEBUG] Apply dependencies of \phpbb\db\migration\data\v31x\v3111.
[DEBUG] Apply dependencies of \phpbb\db\migration\data\v31x\v3111rc1.
[DEBUG] Apply dependencies of \phpbb\db\migration\data\v31x\add_smtp_ssl_context_config_options.
[DEBUG] Installing Schema: \phpbb\db\migration\data\v31x\add_smtp_ssl_context_config_options.
[INFO] Installed Schema: \phpbb\db\migration\data\v31x\add_smtp_ssl_context_config_options; Time: 0.00 seconds
[DEBUG] Migration already effectively installed (skipped): \phpbb\db\migration\data\v32x\user_notifications_table_index_p2
[DEBUG] Apply dependencies of \phpbb\db\migration\data\v32x\v322.
[DEBUG] Apply dependencies of \phpbb\db\migration\data\v31x\v3112.
[DEBUG] Apply dependencies of \phpbb\db\migration\data\v31x\v3111.
[DEBUG] Apply dependencies of \phpbb\db\migration\data\v31x\v3111rc1.
[DEBUG] Apply dependencies of \phpbb\db\migration\data\v31x\add_smtp_ssl_context_config_options.
[DEBUG] Installing Data: \phpbb\db\migration\data\v31x\add_smtp_ssl_context_config_options.
[DEBUG] Installing Data: \phpbb\db\migration\data\v31x\add_smtp_ssl_context_config_options; Time: 0.00 seconds
[DEBUG] Migration already effectively installed (skipped): \phpbb\db\migration\data\v32x\user_notifications_table_index_p2
[DEBUG] Apply dependencies of \phpbb\db\migration\data\v32x\v322.
[DEBUG] Apply dependencies of \phpbb\db\migration\data\v31x\v3112.
[DEBUG] Apply dependencies of \phpbb\db\migration\data\v31x\v3111.
[DEBUG] Apply dependencies of \phpbb\db\migration\data\v31x\v3111rc1.
[DEBUG] Apply dependencies of \phpbb\db\migration\data\v31x\add_smtp_ssl_context_config_options.
[DEBUG] Installing Data: \phpbb\db\migration\data\v31x\add_smtp_ssl_context_config_options.
[DEBUG] Installing Data: \phpbb\db\migration\data\v31x\add_smtp_ssl_context_config_options; Time: 0.00 seconds
[DEBUG] Migration already effectively installed (skipped): \phpbb\db\migration\data\v32x\user_notifications_table_index_p2
[DEBUG] Apply dependencies of \phpbb\db\migration\data\v32x\v322.
[DEBUG] Apply dependencies of \phpbb\db\migration\data\v31x\v3112.
[DEBUG] Apply dependencies of \phpbb\db\migration\data\v31x\v3111.
[DEBUG] Apply dependencies of \phpbb\db\migration\data\v31x\v3111rc1.
[DEBUG] Apply dependencies of \phpbb\db\migration\data\v31x\add_smtp_ssl_context_config_options.
[DEBUG] Installing Data: \phpbb\db\migration\data\v31x\add_smtp_ssl_context_config_options.
[INFO] Installed Data: \phpbb\db\migration\data\v31x\add_smtp_ssl_context_config_options; Time: 0.00 seconds
[DEBUG] Migration already effectively installed (skipped): \phpbb\db\migration\data\v32x\user_notifications_table_index_p2
[DEBUG] Apply dependencies of \phpbb\db\migration\data\v32x\v322.
[DEBUG] Apply dependencies of \phpbb\db\migration\data\v31x\v3112.
[DEBUG] Apply dependencies of \phpbb\db\migration\data\v31x\v3111.
[DEBUG] Apply dependencies of \phpbb\db\migration\data\v31x\v3111rc1.
[DEBUG] Apply dependencies of \phpbb\db\migration\data\v31x\update_hashes.
[DEBUG] Installing Schema: \phpbb\db\migration\data\v31x\update_hashes.
[INFO] Installed Schema: \phpbb\db\migration\data\v31x\update_hashes; Time: 0.00 seconds
[DEBUG] Migration already effectively installed (skipped): \phpbb\db\migration\data\v32x\user_notifications_table_index_p2
[DEBUG] Apply dependencies of \phpbb\db\migration\data\v32x\v322.
[DEBUG] Apply dependencies of \phpbb\db\migration\data\v31x\v3112.
[DEBUG] Apply dependencies of \phpbb\db\migration\data\v31x\v3111.
[DEBUG] Apply dependencies of \phpbb\db\migration\data\v31x\v3111rc1.
[DEBUG] Apply dependencies of \phpbb\db\migration\data\v31x\update_hashes.
[DEBUG] Installing Data: \phpbb\db\migration\data\v31x\update_hashes.
[DEBUG] Installing Data: \phpbb\db\migration\data\v31x\update_hashes; Time: 0.00 seconds
[DEBUG] Migration already effectively installed (skipped): \phpbb\db\migration\data\v32x\user_notifications_table_index_p2
[DEBUG] Apply dependencies of \phpbb\db\migration\data\v32x\v322.
[DEBUG] Apply dependencies of \phpbb\db\migration\data\v31x\v3112.
[DEBUG] Apply dependencies of \phpbb\db\migration\data\v31x\v3111.
[DEBUG] Apply dependencies of \phpbb\db\migration\data\v31x\v3111rc1.
[DEBUG] Apply dependencies of \phpbb\db\migration\data\v31x\update_hashes.
[DEBUG] Installing Data: \phpbb\db\migration\data\v31x\update_hashes.
[DEBUG] Installing Data: \phpbb\db\migration\data\v31x\update_hashes; Time: 0.00 seconds
[DEBUG] Migration already effectively installed (skipped): \phpbb\db\migration\data\v32x\user_notifications_table_index_p2
[DEBUG] Apply dependencies of \phpbb\db\migration\data\v32x\v322.
[DEBUG] Apply dependencies of \phpbb\db\migration\data\v31x\v3112.
[DEBUG] Apply dependencies of \phpbb\db\migration\data\v31x\v3111.
[DEBUG] Apply dependencies of \phpbb\db\migration\data\v31x\v3111rc1.
[DEBUG] Apply dependencies of \phpbb\db\migration\data\v31x\update_hashes.
[DEBUG] Installing Data: \phpbb\db\migration\data\v31x\update_hashes.
[INFO] Installed Data: \phpbb\db\migration\data\v31x\update_hashes; Time: 0.00 seconds
[DEBUG] Migration already effectively installed (skipped): \phpbb\db\migration\data\v32x\user_notifications_table_index_p2
[DEBUG] Apply dependencies of \phpbb\db\migration\data\v32x\v322.
[DEBUG] Apply dependencies of \phpbb\db\migration\data\v31x\v3112.
[DEBUG] Apply dependencies of \phpbb\db\migration\data\v31x\v3111.
[DEBUG] Apply dependencies of \phpbb\db\migration\data\v31x\v3111rc1.
[DEBUG] Apply dependencies of \phpbb\db\migration\data\v31x\add_latest_topics_index.
[DEBUG] Installing Schema: \phpbb\db\migration\data\v31x\add_latest_topics_index.
[INFO] Installed Schema: \phpbb\db\migration\data\v31x\add_latest_topics_index; Time: 0.02 seconds
[DEBUG] Migration already effectively installed (skipped): \phpbb\db\migration\data\v32x\user_notifications_table_index_p2
[DEBUG] Apply dependencies of \phpbb\db\migration\data\v32x\v322.
[DEBUG] Apply dependencies of \phpbb\db\migration\data\v31x\v3112.
[DEBUG] Apply dependencies of \phpbb\db\migration\data\v31x\v3111.
[DEBUG] Apply dependencies of \phpbb\db\migration\data\v31x\v3111rc1.
[DEBUG] Apply dependencies of \phpbb\db\migration\data\v31x\add_latest_topics_index.
[DEBUG] Installing Data: \phpbb\db\migration\data\v31x\add_latest_topics_index.
[INFO] Installed Data: \phpbb\db\migration\data\v31x\add_latest_topics_index; Time: 0.00 seconds
[DEBUG] Migration already effectively installed (skipped): \phpbb\db\migration\data\v32x\user_notifications_table_index_p2
[DEBUG] Apply dependencies of \phpbb\db\migration\data\v32x\v322.
[DEBUG] Apply dependencies of \phpbb\db\migration\data\v31x\v3112.
[DEBUG] Apply dependencies of \phpbb\db\migration\data\v31x\v3111.
[DEBUG] Apply dependencies of \phpbb\db\migration\data\v31x\v3111rc1.
[DEBUG] Migration already effectively installed (skipped): \phpbb\db\migration\data\v31x\v3111rc1
[DEBUG] Migration already effectively installed (skipped): \phpbb\db\migration\data\v32x\user_notifications_table_index_p2
[DEBUG] Apply dependencies of \phpbb\db\migration\data\v32x\v322.
[DEBUG] Apply dependencies of \phpbb\db\migration\data\v31x\v3112.
[DEBUG] Apply dependencies of \phpbb\db\migration\data\v31x\v3111.
[DEBUG] Migration already effectively installed (skipped): \phpbb\db\migration\data\v31x\v3111
[DEBUG] Migration already effectively installed (skipped): \phpbb\db\migration\data\v32x\user_notifications_table_index_p2
[DEBUG] Apply dependencies of \phpbb\db\migration\data\v32x\v322.
[DEBUG] Apply dependencies of \phpbb\db\migration\data\v31x\v3112.
[DEBUG] Migration already effectively installed (skipped): \phpbb\db\migration\data\v31x\v3112
[DEBUG] Migration already effectively installed (skipped): \phpbb\db\migration\data\v32x\user_notifications_table_index_p2
[DEBUG] Apply dependencies of \phpbb\db\migration\data\v32x\v322.
[DEBUG] Apply dependencies of \phpbb\db\migration\data\v32x\v322rc1.
[DEBUG] Apply dependencies of \phpbb\db\migration\data\v32x\fix_user_styles.
[DEBUG] Installing Schema: \phpbb\db\migration\data\v32x\fix_user_styles.
[INFO] Installed Schema: \phpbb\db\migration\data\v32x\fix_user_styles; Time: 0.00 seconds
[DEBUG] Migration already effectively installed (skipped): \phpbb\db\migration\data\v32x\user_notifications_table_index_p2
[DEBUG] Apply dependencies of \phpbb\db\migration\data\v32x\v322.
[DEBUG] Apply dependencies of \phpbb\db\migration\data\v32x\v322rc1.
[DEBUG] Apply dependencies of \phpbb\db\migration\data\v32x\fix_user_styles.
[DEBUG] Installing Data: \phpbb\db\migration\data\v32x\fix_user_styles.
[INFO] Installed Data: \phpbb\db\migration\data\v32x\fix_user_styles; Time: 0.44 seconds
[DEBUG] Migration already effectively installed (skipped): \phpbb\db\migration\data\v32x\user_notifications_table_index_p2
[DEBUG] Apply dependencies of \phpbb\db\migration\data\v32x\v322.
[DEBUG] Apply dependencies of \phpbb\db\migration\data\v32x\v322rc1.
[DEBUG] Apply dependencies of \phpbb\db\migration\data\v32x\update_prosilver_bitfield.
[DEBUG] Apply dependencies of \phpbb\db\migration\data\v32x\v321.
[DEBUG] Apply dependencies of \phpbb\db\migration\data\v32x\v321rc1.
[DEBUG] Apply dependencies of \phpbb\db\migration\data\v32x\load_user_activity_limit.
[DEBUG] Installing Schema: \phpbb\db\migration\data\v32x\load_user_activity_limit.
[INFO] Installed Schema: \phpbb\db\migration\data\v32x\load_user_activity_limit; Time: 0.00 seconds
[DEBUG] Migration already effectively installed (skipped): \phpbb\db\migration\data\v32x\user_notifications_table_index_p2
[DEBUG] Apply dependencies of \phpbb\db\migration\data\v32x\v322.
[DEBUG] Apply dependencies of \phpbb\db\migration\data\v32x\v322rc1.
[DEBUG] Apply dependencies of \phpbb\db\migration\data\v32x\update_prosilver_bitfield.
[DEBUG] Apply dependencies of \phpbb\db\migration\data\v32x\v321.
[DEBUG] Apply dependencies of \phpbb\db\migration\data\v32x\v321rc1.
[DEBUG] Apply dependencies of \phpbb\db\migration\data\v32x\load_user_activity_limit.
[DEBUG] Installing Data: \phpbb\db\migration\data\v32x\load_user_activity_limit.
[INFO] Installed Data: \phpbb\db\migration\data\v32x\load_user_activity_limit; Time: 0.00 seconds
[DEBUG] Migration already effectively installed (skipped): \phpbb\db\migration\data\v32x\user_notifications_table_index_p2
[DEBUG] Apply dependencies of \phpbb\db\migration\data\v32x\v322.
[DEBUG] Apply dependencies of \phpbb\db\migration\data\v32x\v322rc1.
[DEBUG] Apply dependencies of \phpbb\db\migration\data\v32x\update_prosilver_bitfield.
[DEBUG] Apply dependencies of \phpbb\db\migration\data\v32x\v321.
[DEBUG] Apply dependencies of \phpbb\db\migration\data\v32x\v321rc1.
[DEBUG] Apply dependencies of \phpbb\db\migration\data\v32x\user_notifications_table_unique_index.
[DEBUG] Apply dependencies of \phpbb\db\migration\data\v32x\user_notifications_table_remove_duplicates.
[DEBUG] Apply dependencies of \phpbb\db\migration\data\v32x\user_notifications_table_temp_index.
[DEBUG] Apply dependencies of \phpbb\db\migration\data\v32x\user_notifications_table_reduce_column_sizes.
[DEBUG] Apply dependencies of \phpbb\db\migration\data\v32x\user_notifications_table_index_p3.
[DEBUG] Installing Schema: \phpbb\db\migration\data\v32x\user_notifications_table_index_p3.
[INFO] Installed Schema: \phpbb\db\migration\data\v32x\user_notifications_table_index_p3; Time: 0.42 seconds
[DEBUG] Migration already effectively installed (skipped): \phpbb\db\migration\data\v32x\user_notifications_table_index_p2
[DEBUG] Apply dependencies of \phpbb\db\migration\data\v32x\v322.
[DEBUG] Apply dependencies of \phpbb\db\migration\data\v32x\v322rc1.
[DEBUG] Apply dependencies of \phpbb\db\migration\data\v32x\update_prosilver_bitfield.
[DEBUG] Apply dependencies of \phpbb\db\migration\data\v32x\v321.
[DEBUG] Apply dependencies of \phpbb\db\migration\data\v32x\v321rc1.
[DEBUG] Apply dependencies of \phpbb\db\migration\data\v32x\user_notifications_table_unique_index.
[DEBUG] Apply dependencies of \phpbb\db\migration\data\v32x\user_notifications_table_remove_duplicates.
[DEBUG] Apply dependencies of \phpbb\db\migration\data\v32x\user_notifications_table_temp_index.
[DEBUG] Apply dependencies of \phpbb\db\migration\data\v32x\user_notifications_table_reduce_column_sizes.
[DEBUG] Apply dependencies of \phpbb\db\migration\data\v32x\user_notifications_table_index_p3.
[DEBUG] Installing Data: \phpbb\db\migration\data\v32x\user_notifications_table_index_p3.
[INFO] Installed Data: \phpbb\db\migration\data\v32x\user_notifications_table_index_p3; Time: 0.00 seconds
[DEBUG] Migration already effectively installed (skipped): \phpbb\db\migration\data\v32x\user_notifications_table_index_p2
[DEBUG] Apply dependencies of \phpbb\db\migration\data\v32x\v322.
[DEBUG] Apply dependencies of \phpbb\db\migration\data\v32x\v322rc1.
[DEBUG] Apply dependencies of \phpbb\db\migration\data\v32x\update_prosilver_bitfield.
[DEBUG] Apply dependencies of \phpbb\db\migration\data\v32x\v321.
[DEBUG] Apply dependencies of \phpbb\db\migration\data\v32x\v321rc1.
[DEBUG] Apply dependencies of \phpbb\db\migration\data\v32x\user_notifications_table_unique_index.
[DEBUG] Apply dependencies of \phpbb\db\migration\data\v32x\user_notifications_table_remove_duplicates.
[DEBUG] Apply dependencies of \phpbb\db\migration\data\v32x\user_notifications_table_temp_index.
[DEBUG] Apply dependencies of \phpbb\db\migration\data\v32x\user_notifications_table_reduce_column_sizes.
[DEBUG] Installing Schema: \phpbb\db\migration\data\v32x\user_notifications_table_reduce_column_sizes.
[DEBUG] Installing Schema: \phpbb\db\migration\data\v32x\user_notifications_table_reduce_column_sizes; Time: 2.87 seconds
